#
# A fatal error has been detected by the Java Runtime Environment:
#
#  Internal Error (jvmciRuntime.cpp:1609), pid=25, tid=41
#  fatal error: Fatal exception in JVMCI: Error calling jdk.vm.ci.services.Services.serializeSavedProperties
#
# JRE version: OpenJDK Runtime Environment GraalVM CE 22.3.0 (17.0.5+8) (build 17.0.5+8-jvmci-22.3-b08)
# Java VM: OpenJDK 64-Bit Server VM GraalVM CE 22.3.0 (17.0.5+8-jvmci-22.3-b08, mixed mode, sharing, tiered, jvmci, jvmci compiler, compressed oops, compressed class ptrs, parallel gc, linux-amd64)
# Problematic frame:
# V  [libjvm.so+0x972714]  JVMCIRuntime::fatal_exception(JVMCIEnv*, char const*)+0x74
#
# Core dump will be written. Default location: Core dumps may be processed with "/usr/share/apport/apport -p%p -s%s -c%c -d%d -P%P -u%u -g%g -- %E" (or dumping to /home/runner/java-1-DavidPaklin/core.25)
#
# If you would like to submit a bug report, please visit:
#   https://github.com/oracle/graal/issues
#

---------------  S U M M A R Y ------------

Command Line: -XX:ThreadPriorityPolicy=1 -XX:+UnlockExperimentalVMOptions -XX:+EnableJVMCIProduct -XX:JVMCIThreadsPerNativeLibraryRuntime=1 -XX:-UnlockExperimentalVMOptions -Declipse.application=org.eclipse.jdt.ls.core.id1 -Dosgi.bundles.defaultStartLevel=4 -Declipse.product=org.eclipse.jdt.ls.core.product -Dlog.level=ALL -Xverify:none -XX:+UseParallelGC -XX:GCTimeRatio=4 -XX:AdaptiveSizePolicyWeight=90 -Dsun.zip.disableMemoryMapping=true -Xmx512m -Xms100m /nix/store/m6gcpi1ii6rghy04cjwjddcavv7i90df-jdt-language-server-1.9.0/share/java/plugins/org.eclipse.equinox.launcher_1.6.400.v20210924-0641.jar --add-modules=ALL-SYSTEM --add-opens java.base/java.util=ALL-UNNAMED --add-opens java.base/java.lang=ALL-UNNAMED -configuration /home/runner/.cache/jdt-language-server/config -data /home/runner/.cache/jdt-language-server/data/home/runner/java-1-DavidPaklin

Host: AMD EPYC 7B12, 8 cores, 1G, Ubuntu 20.04.2 LTS
Time: Sun Feb  5 23:36:16 2023 UTC elapsed time: 755.587389 seconds (0d 0h 12m 35s)

---------------  T H R E A D  ---------------

Current thread (0x00007f00d80b2210):  JavaThread "JVMCI-native CompilerThread0" daemon [_thread_in_vm, id=41, stack(0x00007f00befb3000,0x00007f00bf1b3000)]


Current CompileTask:
JVMCI-native: 755587 7201       4       java.util.TaskQueue::isEmpty (13 bytes)

Stack: [0x00007f00befb3000,0x00007f00bf1b3000],  sp=0x00007f00bf1b1380,  free space=2040k
Native frames: (J=compiled Java code, j=interpreted, Vv=VM code, C=native code)
V  [libjvm.so+0x972714]  JVMCIRuntime::fatal_exception(JVMCIEnv*, char const*)+0x74
V  [libjvm.so+0x93e2fe]  JVMCIEnv::copy_saved_properties()+0x14e
V  [libjvm.so+0x9732a9]  JVMCIRuntime::initialize(JVMCIEnv*)+0xb19
V  [libjvm.so+0x9738a2]  JVMCIRuntime::get_HotSpotJVMCIRuntime(JVMCIEnv*)+0x12
V  [libjvm.so+0x9749f2]  JVMCIRuntime::compile_method(JVMCIEnv*, JVMCICompiler*, methodHandle const&, int)+0xd2
V  [libjvm.so+0x5b0d20]  CompileBroker::invoke_compiler_on_method(CompileTask*)+0x1470
V  [libjvm.so+0x5b12e8]  CompileBroker::compiler_thread_loop()+0x528
V  [libjvm.so+0xd82460]  JavaThread::thread_main_inner()+0xd0
V  [libjvm.so+0xd85a40]  Thread::call_run()+0xc0
V  [libjvm.so+0xbdb1e1]  thread_native_entry(Thread*)+0xe1

Register to memory mapping:

RAX=0x00007f00dec12000 points into unknown readable memory: 0x0000000000000058 | 58 00 00 00 00 00 00 00
RBX=0x00007f00dfd0d398: <offset 0x0000000000ef5398> in /nix/store/gpxl5qgg8kicmcvivwmybwjlpf7wh20l-graalvm17-ce-22.3.0/lib/server/libjvm.so at 0x00007f00dee18000
RCX=0x00007f00dfcc51e8: <offset 0x0000000000ead1e8> in /nix/store/gpxl5qgg8kicmcvivwmybwjlpf7wh20l-graalvm17-ce-22.3.0/lib/server/libjvm.so at 0x00007f00dee18000
RDX=0x0000000000000649 is an unknown value
RSP=0x00007f00bf1b1380 is pointing into the stack for thread: 0x00007f00d80b2210
RBP=0x00007f00bf1b13a0 is pointing into the stack for thread: 0x00007f00d80b2210
RSI=0x00007f00dfd0dc48: <offset 0x0000000000ef5c48> in /nix/store/gpxl5qgg8kicmcvivwmybwjlpf7wh20l-graalvm17-ce-22.3.0/lib/server/libjvm.so at 0x00007f00dee18000
RDI=0x00000000e0000000 is an oop: [B 
{0x00000000e0000000} - klass: {type array byte}
 - length: 35
R8 =0x00007f00dfd0d398: <offset 0x0000000000ef5398> in /nix/store/gpxl5qgg8kicmcvivwmybwjlpf7wh20l-graalvm17-ce-22.3.0/lib/server/libjvm.so at 0x00007f00dee18000
R9 =0x00007f00bf1b1330 is pointing into the stack for thread: 0x00007f00d80b2210
R10=0x00007f00bf1b2948 is pointing into the stack for thread: 0x00007f00d80b2210
R11=0x0000000000000293 is an unknown value
R12=0x0 is NULL
R13=0x00007f00d80b2210 is a thread
R14=0x00007f00d8000b80 points into unknown readable memory: 0x00007f00dff3ea38 | 38 ea f3 df 00 7f 00 00
R15=0x00007f00e004ce40: <offset 0x0000000001234e40> in /nix/store/gpxl5qgg8kicmcvivwmybwjlpf7wh20l-graalvm17-ce-22.3.0/lib/server/libjvm.so at 0x00007f00dee18000


Registers:
RAX=0x00007f00dec12000, RBX=0x00007f00dfd0d398, RCX=0x00007f00dfcc51e8, RDX=0x0000000000000649
RSP=0x00007f00bf1b1380, RBP=0x00007f00bf1b13a0, RSI=0x00007f00dfd0dc48, RDI=0x00000000e0000000
R8 =0x00007f00dfd0d398, R9 =0x00007f00bf1b1330, R10=0x00007f00bf1b2948, R11=0x0000000000000293
R12=0x0000000000000000, R13=0x00007f00d80b2210, R14=0x00007f00d8000b80, R15=0x00007f00e004ce40
RIP=0x00007f00df78a714, EFLAGS=0x0000000000010206, CSGSFS=0x002b000000000033, ERR=0x0000000000000006
  TRAPNO=0x000000000000000e

Top of Stack: (sp=0x00007f00bf1b1380)
0x00007f00bf1b1380:   00007f00bf1b1940 00007f00d80b2210
0x00007f00bf1b1390:   00007f00dd5a38c8 0000000800c40fc0
0x00007f00bf1b13a0:   00007f00bf1b1500 00007f00df7562fe
0x00007f00bf1b13b0:   00007f00bf1b13e0 00007f00bf1b1440 

Instructions: (pc=0x00007f00df78a714)
0x00007f00df78a614:   30 e8 f6 cf e8 ff 4c 89 e7 e8 2e 48 d1 ff 84 db
0x00007f00df78a624:   75 2a 4d 85 ed 74 04 4d 8b 6d 00 48 83 c4 08 44
0x00007f00df78a634:   89 f9 4c 89 f2 4c 89 ee 5b 4c 89 e7 41 5c 41 5d
0x00007f00df78a644:   41 5e 41 5f 5d e9 e2 47 d1 ff 66 90 48 83 c4 08
0x00007f00df78a654:   5b 41 5c 41 5d 41 5e 41 5f 5d c3 90 31 d2 be 08
0x00007f00df78a664:   00 00 00 4c 89 ff e8 b1 78 a3 ff 49 89 c5 e9 37
0x00007f00df78a674:   ff ff ff 66 0f 1f 84 00 00 00 00 00 48 8b 7a 08
0x00007f00df78a684:   e9 6d ff ff ff 0f 1f 80 00 00 00 00 e8 5b 48 0a
0x00007f00df78a694:   00 84 c0 75 89 e9 6a ff ff ff 66 90 55 48 89 e5
0x00007f00df78a6a4:   41 56 41 55 41 54 49 89 fc 53 48 89 f3 66 48 8d
0x00007f00df78a6b4:   3d 27 5e 85 00 66 66 48 e8 df 43 8d ff 4c 8b 28
0x00007f00df78a6c4:   8b 05 be 72 8a 00 85 c0 75 14 ba 01 00 00 00 48
0x00007f00df78a6d4:   8d 0d ae 72 8a 00 f0 0f b1 11 85 c0 74 4e be c8
0x00007f00df78a6e4:   00 00 00 4c 89 ef e8 01 0b 41 00 48 8d 05 12 ac
0x00007f00df78a6f4:   85 00 49 89 d8 48 8d 0d e8 aa 53 00 ba 49 06 00
0x00007f00df78a704:   00 48 8d 35 3c 35 58 00 bf 00 00 00 e0 48 8b 00
0x00007f00df78a714:   c6 00 58 31 c0 e8 e2 91 c6 ff 5b 41 5c 41 5d 41
0x00007f00df78a724:   5e 5d e9 55 34 26 00 0f 1f 44 00 00 48 8d 05 81
0x00007f00df78a734:   a3 8b 00 48 89 df 4c 8b 30 e8 9e 43 8d ff 48 89
0x00007f00df78a744:   de 48 89 c2 49 8b 06 4c 89 f7 ff 50 08 4c 89 f7
0x00007f00df78a754:   e8 a7 5c 27 00 4d 85 e4 74 12 be 01 00 00 00 4c
0x00007f00df78a764:   89 e7 e8 35 43 fc ff eb 82 0f 1f 00 be 01 00 00
0x00007f00df78a774:   00 4c 89 ef e8 d3 fd ff ff e9 6d ff ff ff 66 66
0x00007f00df78a784:   2e 0f 1f 84 00 00 00 00 00 0f 1f 00 55 48 89 e5
0x00007f00df78a794:   41 57 41 56 41 55 41 54 53 48 81 ec 08 02 00 00
0x00007f00df78a7a4:   64 48 8b 04 25 28 00 00 00 48 89 45 c8 8b 07 83
0x00007f00df78a7b4:   f8 02 0f 84 11 04 00 00 4c 8b 6f 18 49 89 ff 49
0x00007f00df78a7c4:   89 f4 4d 85 ed 74 14 4c 89 ef e8 5d 57 22 00 41
0x00007f00df78a7d4:   8b 07 83 f8 02 0f 84 19 04 00 00 48 8d 1d 9a 06
0x00007f00df78a7e4:   8a 00 4c 8d 35 0b 3c 58 00 eb 38 90 48 85 d2 7f
0x00007f00df78a7f4:   0d 48 8d 05 b4 c0 85 00 48 83 38 00 7e 0e 41 8b
0x00007f00df78a804:   77 2c 4c 89 f7 31 c0 e8 a0 b2 f7 ff 49 8b 7f 18 


Stack slot to memory mapping:
stack at sp + 0 slots: 0x00007f00bf1b1940 is pointing into the stack for thread: 0x00007f00d80b2210
stack at sp + 1 slots: 0x00007f00d80b2210 is a thread
stack at sp + 2 slots: 0x00007f00dd5a38c8 points into unknown readable memory: 0x65730018e552ffff | ff ff 52 e5 18 00 73 65
stack at sp + 3 slots: 0x0000000800c40fc0 is a pointer to class: 
jdk.vm.ci.services.Services {0x0000000800c40fc0}
 - instance size:     2
 - klass size:        65
 - access:            public final synchronized 
 - state:             fully_initialized
 - name:              'jdk/vm/ci/services/Services'
 - super:             'java/lang/Object'
 - sub:               
 - arrays:            NULL
 - methods:           Array<T>(0x00007f00dc43da10)
 - method ordering:   Array<T>(0x0000000800928960)
 - default_methods:   Array<T>(0x0000000000000000)
 - local interfaces:  Array<T>(0x00000008005ce810)
 - trans. interfaces: Array<T>(0x00000008005ce810)
 - constants:         constant pool [427] {0x00007f00dc43caf0} for 'jdk/vm/ci/services/Services' cache=0x00007f00dc43ece0
 - class loader data:  loader data: 0x00007f00d80283f0 of 'bootstrap'
 - source file:       'Services.java'
 - class annotations:       Array<T>(0x0000000000000000)
 - class type annotations:  Array<T>(0x0000000000000000)
 - field annotations:       Array<T>(0x0000000000000000)
 - field type annotations:  Array<T>(0x0000000000000000)
 - inner classes:     Array<T>(0x00007f00dc43ecb0)
 - nest members:     Array<T>(0x00007f00dc43ecd0)
 - permitted subclasses:     Array<T>(0x00000008005ce7a0)
 - java mirror:       a 'java/lang/Class'{0x00000000e017cb70} = 'jdk/vm/ci/services/Services'
 - vtable length      5  (start addr: 0x0000000800c41190)
 - itable length      2 (start addr: 0x0000000800c411b8)
 - ---- static fields (3 words):
 - public static final 'IS_BUILDING_NATIVE_IMAGE' 'Z' @128 
 - public static final 'IS_IN_NATIVE_IMAGE' 'Z' @129 
 - private static volatile 'savedProperties' 'Ljava/util/Map;' @112 
 - static final 'JVMCI_ENABLED' 'Z' @130 
 - private static final 'servicesCache' 'Ljava/util/Map;' @116 
 - private static final 'MAX_UNICODE_IN_UTF8_LENGTH' 'I' @120 
 - private static final 'MAX_UTF8_PROPERTY_STRING_LENGTH' 'I' @124 
 - ---- non-static fields (0 words):
 - non-static oop maps: 
stack at sp + 4 slots: 0x00007f00bf1b1500 is pointing into the stack for thread: 0x00007f00d80b2210
stack at sp + 5 slots: 0x00007f00df7562fe: <offset 0x000000000093e2fe> in /nix/store/gpxl5qgg8kicmcvivwmybwjlpf7wh20l-graalvm17-ce-22.3.0/lib/server/libjvm.so at 0x00007f00dee18000
stack at sp + 6 slots: 0x00007f00bf1b13e0 is pointing into the stack for thread: 0x00007f00d80b2210
stack at sp + 7 slots: 0x00007f00bf1b1440 is pointing into the stack for thread: 0x00007f00d80b2210


---------------  P R O C E S S  ---------------

Threads class SMR info:
_java_thread_list=0x00007f0040002040, length=30, elements={
0x00007f00d8026690, 0x00007f00d80a64d0, 0x00007f00d80a7910, 0x00007f00d80ae080,
0x00007f00d80af430, 0x00007f00d80b0820, 0x00007f00d80b2210, 0x00007f00d80b3720,
0x00007f00d80b4b70, 0x00007f00d80dfe80, 0x00007f00d81279f0, 0x00007f00d81fe670,
0x00007f00d830a700, 0x00007f00d833cfe0, 0x00007f00d833f850, 0x00007f00d8361960,
0x00007f007801a4d0, 0x00007f00782a2d00, 0x00007f0078302fa0, 0x00007f00600010d0,
0x00007f0078482a60, 0x00007f00785f5b20, 0x00007f00d846e7b0, 0x00007f0060007280,
0x00007f00d83ab230, 0x00007f0044000ff0, 0x00007f0068001580, 0x00007f003c0d5030,
0x00007f003c0e5060, 0x00007f003c143ee0
}

Java Threads: ( => current thread )
  0x00007f00d8026690 JavaThread "main" [_thread_blocked, id=33, stack(0x00007f00dec33000,0x00007f00ded33000)]
  0x00007f00d80a64d0 JavaThread "Reference Handler" daemon [_thread_blocked, id=36, stack(0x00007f00dcc4a000,0x00007f00dcd4a000)]
  0x00007f00d80a7910 JavaThread "Finalizer" daemon [_thread_blocked, id=37, stack(0x00007f00dc300000,0x00007f00dc400000)]
  0x00007f00d80ae080 JavaThread "Signal Dispatcher" daemon [_thread_blocked, id=38, stack(0x00007f00bf3b3000,0x00007f00bf4b3000)]
  0x00007f00d80af430 JavaThread "Service Thread" daemon [_thread_blocked, id=39, stack(0x00007f00bf2b3000,0x00007f00bf3b3000)]
  0x00007f00d80b0820 JavaThread "Monitor Deflation Thread" daemon [_thread_blocked, id=40, stack(0x00007f00bf1b3000,0x00007f00bf2b3000)]
=>0x00007f00d80b2210 JavaThread "JVMCI-native CompilerThread0" daemon [_thread_in_vm, id=41, stack(0x00007f00befb3000,0x00007f00bf1b3000)]
  0x00007f00d80b3720 JavaThread "C1 CompilerThread0" daemon [_thread_blocked, id=42, stack(0x00007f00bedb3000,0x00007f00befb3000)]
  0x00007f00d80b4b70 JavaThread "Sweeper thread" daemon [_thread_blocked, id=43, stack(0x00007f00becb3000,0x00007f00bedb3000)]
  0x00007f00d80dfe80 JavaThread "Common-Cleaner" daemon [_thread_blocked, id=44, stack(0x00007f00bebb3000,0x00007f00becb3000)]
  0x00007f00d81279f0 JavaThread "Notification Thread" daemon [_thread_blocked, id=45, stack(0x00007f00beab3000,0x00007f00bebb3000)]
  0x00007f00d81fe670 JavaThread "process reaper" daemon [_thread_in_native, id=52, stack(0x00007f00be98f000,0x00007f00be9b1000)]
  0x00007f00d830a700 JavaThread "Active Thread: Equinox Container: 8caad767-5aec-4c16-ad74-0014a20957bc" [_thread_blocked, id=61, stack(0x00007f00bc500000,0x00007f00bc600000)]
  0x00007f00d833cfe0 JavaThread "Framework Event Dispatcher: Equinox Container: 8caad767-5aec-4c16-ad74-0014a20957bc" daemon [_thread_blocked, id=62, stack(0x00007f00bc300000,0x00007f00bc400000)]
  0x00007f00d833f850 JavaThread "Start Level: Equinox Container: 8caad767-5aec-4c16-ad74-0014a20957bc" daemon [_thread_blocked, id=63, stack(0x00007f00bc100000,0x00007f00bc200000)]
  0x00007f00d8361960 JavaThread "Refresh Thread: Equinox Container: 8caad767-5aec-4c16-ad74-0014a20957bc" daemon [_thread_blocked, id=64, stack(0x00007f0086d00000,0x00007f0086e00000)]
  0x00007f007801a4d0 JavaThread "SCR Component Actor" daemon [_thread_blocked, id=74, stack(0x00007f0086b00000,0x00007f0086c00000)]
  0x00007f00782a2d00 JavaThread "Worker-JM" [_thread_blocked, id=84, stack(0x00007f0086700000,0x00007f0086800000)]
  0x00007f0078302fa0 JavaThread "Worker-0" [_thread_blocked, id=85, stack(0x00007f0086500000,0x00007f0086600000)]
  0x00007f00600010d0 JavaThread "Worker-1: Updating Maven Dependencies" [_thread_blocked, id=86, stack(0x00007f0086300000,0x00007f0086400000)]
  0x00007f0078482a60 JavaThread "Java indexing" daemon [_thread_blocked, id=87, stack(0x00007f0086100000,0x00007f0086200000)]
  0x00007f00785f5b20 JavaThread "Bundle File Closer" daemon [_thread_blocked, id=95, stack(0x00007f0086000000,0x00007f0086100000)]
  0x00007f00d846e7b0 JavaThread "pool-3-thread-1" [_thread_blocked, id=97, stack(0x00007f0085f00000,0x00007f0086000000)]
  0x00007f0060007280 JavaThread "Worker-2: Java indexing... " [_thread_blocked, id=98, stack(0x00007f0085d00000,0x00007f0085e00000)]
  0x00007f00d83ab230 JavaThread "pool-2-thread-1" [_thread_blocked, id=99, stack(0x00007f0085b00000,0x00007f0085c00000)]
  0x00007f0044000ff0 JavaThread "Worker-3: Compacting resource model" [_thread_blocked, id=100, stack(0x00007f0086900000,0x00007f0086a00000)]
  0x00007f0068001580 JavaThread "Worker-4: Initialize Workspace" [_thread_blocked, id=101, stack(0x00007f0085900000,0x00007f0085a00000)]
  0x00007f003c0d5030 JavaThread "Timer-1" [_thread_blocked, id=144, stack(0x00007f0085500000,0x00007f0085600000)]
  0x00007f003c0e5060 JavaThread "Timer-2" [_thread_blocked, id=145, stack(0x00007f0085300000,0x00007f0085400000)]
  0x00007f003c143ee0 JavaThread "Connection worker" [_thread_blocked, id=146, stack(0x00007f0085100000,0x00007f0085200000)]

Other Threads:
  0x00007f00d80a1c10 VMThread "VM Thread" [stack: 0x00007f00dcd4c000,0x00007f00dce4c000] [id=35] _threads_hazard_ptr=0x00007f0040002040
  0x00007f00d8129390 WatcherThread [stack: 0x00007f00be9b3000,0x00007f00beab3000] [id=46]
  0x00007f00d803df30 GCTaskThread "GC Thread#0" [stack: 0x00007f00de7f6000,0x00007f00de8f6000] [id=34]

Threads with active compile tasks:
JVMCI-native CompilerThread0   755654 7201       4       java.util.TaskQueue::isEmpty (13 bytes)

VM state: synchronizing (normal execution)

VM Mutex/Monitor currently owned by a thread:  ([mutex/lock_event])
[0x00007f00d8023840] Threads_lock - owner thread: 0x00007f00d80a1c10
[0x00007f00d8023ff0] Heap_lock - owner thread: 0x00007f003c143ee0

OutOfMemory and StackOverflow Exception counts:
OutOfMemoryError java_heap_errors=4
LinkageErrors=70

Heap address: 0x00000000e0000000, size: 512 MB, Compressed Oops mode: 32-bit

CDS archive(s) mapped at: [0x0000000800000000-0x0000000800bc8000-0x0000000800bc8000), size 12353536, SharedBaseAddress: 0x0000000800000000, ArchiveRelocationMode: 0.
Compressed class space mapped at: 0x0000000800c00000-0x0000000840c00000, reserved size: 1073741824
Narrow klass base: 0x0000000800000000, Narrow klass shift: 0, Narrow klass range: 0x100000000

GC Precious Log:
 CPUs: 8 total, 1 available
 Memory: 1024M
 Large Page Support: Disabled
 NUMA Support: Disabled
 Compressed Oops: Enabled (32-bit)
 Alignments: Space 512K, Generation 512K, Heap 2M
 Heap Min Capacity: 100M
 Heap Initial Capacity: 100M
 Heap Max Capacity: 512M
 Pre-touch: Disabled
 Parallel Workers: 1

Heap:
 PSYoungGen      total 40448K, used 24575K [0x00000000f5580000, 0x00000000f8e00000, 0x0000000100000000)
  eden space 24576K, 99% used [0x00000000f5580000,0x00000000f6d7fff8,0x00000000f6d80000)
  from space 15872K, 0% used [0x00000000f7d80000,0x00000000f7d80000,0x00000000f8d00000)
  to   space 15872K, 0% used [0x00000000f6d80000,0x00000000f6d80000,0x00000000f7d00000)
 ParOldGen       total 349696K, used 349695K [0x00000000e0000000, 0x00000000f5580000, 0x00000000f5580000)
  object space 349696K, 99% used [0x00000000e0000000,0x00000000f557ffc0,0x00000000f5580000)
 Metaspace       used 53085K, committed 54080K, reserved 1097728K
  class space    used 6240K, committed 6656K, reserved 1048576K

Card table byte_map: [0x00007f00de8f6000,0x00007f00de9f7000] _byte_map_base: 0x00007f00de1f6000

Marking Bits: (ParMarkBitMap*) 0x00007f00e00464c0
 Begin Bits: [0x00007f00dd749000, 0x00007f00ddf49000)
 End Bits:   [0x00007f00ddf49000, 0x00007f00de749000)

Polling page: 0x00007f00dec10000

Metaspace:

Usage:
  Non-class:     45.75 MB used.
      Class:      6.09 MB used.
       Both:     51.84 MB used.

Virtual space:
  Non-class space:       48.00 MB reserved,      46.31 MB ( 96%) committed,  6 nodes.
      Class space:        1.00 GB reserved,       6.50 MB ( <1%) committed,  1 nodes.
             Both:        1.05 GB reserved,      52.81 MB (  5%) committed. 

Chunk freelists:
   Non-Class:  1.81 MB
       Class:  1.55 MB
        Both:  3.36 MB

MaxMetaspaceSize: unlimited
CompressedClassSpaceSize: 1.00 GB
Initial GC threshold: 21.00 MB
Current GC threshold: 87.81 MB
CDS: on
MetaspaceReclaimPolicy: balanced
 - commit_granule_bytes: 65536.
 - commit_granule_words: 8192.
 - virtual_space_node_default_size: 1048576.
 - enlarge_chunks_in_place: 1.
 - new_chunks_are_fully_committed: 0.
 - uncommit_free_chunks: 1.
 - use_allocation_guard: 0.
 - handle_deallocations: 1.


Internal statistics:

num_allocs_failed_limit: 6.
num_arena_births: 464.
num_arena_deaths: 190.
num_vsnodes_births: 7.
num_vsnodes_deaths: 0.
num_space_committed: 845.
num_space_uncommitted: 0.
num_chunks_returned_to_freelist: 264.
num_chunks_taken_from_freelist: 2434.
num_chunk_merges: 97.
num_chunk_splits: 1581.
num_chunks_enlarged: 1021.
num_purges: 6.
num_inconsistent_stats: 0.

CodeHeap 'non-profiled nmethods': size=120036Kb used=2410Kb max_used=2410Kb free=117625Kb
 bounds [0x00007f00c6f7a000, 0x00007f00c71ea000, 0x00007f00ce4b3000]
CodeHeap 'profiled nmethods': size=120032Kb used=13085Kb max_used=13085Kb free=106946Kb
 bounds [0x00007f00bfa42000, 0x00007f00c0712000, 0x00007f00c6f7a000]
CodeHeap 'non-nmethods': size=5692Kb used=1347Kb max_used=1357Kb free=4344Kb
 bounds [0x00007f00bf4b3000, 0x00007f00bf723000, 0x00007f00bfa42000]
 total_blobs=6676 nmethods=6006 adapters=573
 compilation: enabled
              stopped_count=0, restarted_count=0
 full_count=0

JVMCI Events (20 events):
Event: 351.643 Thread 0x00007f00d80b2210 destroyed JavaVM[3]@0x00007f0073a9e340 for JVMCI runtime 0
Event: 351.643 Thread 0x00007f00d80b2210 compacted oop handles in JVMCI runtime 0 from 61 to 61
Event: 351.643 Thread 0x00007f00d80b2210 releasing handles for JVMCI runtime 0: oop handles=61, metadata handles={total=105, live=104, blocks=34}
Event: 351.643 Thread 0x00007f00d80b2210 detached from JVMCI runtime 0
Event: 384.987 Thread 0x00007f00d80b2210 attached to JVMCI runtime 0
Event: 384.989 Thread 0x00007f00d80b2210 created JavaVM[4]@0x00007f0073a9e340 for JVMCI runtime 0
Event: 384.989 Thread 0x00007f00d80b2210 initializing JVMCI runtime 0
Event: 384.989 Thread 0x00007f00d80b2210 done waiting for JavaVM references initialization in JVMCI runtime 0
Event: 413.198 Thread 0x00007f00d80b2210 initialized JVMCI runtime 0
Event: 416.067 Thread 0x00007f00d80b2210 detaching from JVMCI runtime 0: releasing idle compiler thread (0 other threads still attached)
Event: 416.067 Thread 0x00007f00d80b2210 shutting down HotSpotJVMCIRuntime for JVMCI runtime 0
Event: 417.668 Thread 0x00007f00d80b2210 shut down JVMCI runtime 0
Event: 417.670 Thread 0x00007f00d80b2210 destroyed JavaVM[4]@0x00007f0073a9e340 for JVMCI runtime 0
Event: 417.670 Thread 0x00007f00d80b2210 compacted oop handles in JVMCI runtime 0 from 45 to 45
Event: 417.670 Thread 0x00007f00d80b2210 releasing handles for JVMCI runtime 0: oop handles=45, metadata handles={total=86, live=75, blocks=34}
Event: 417.670 Thread 0x00007f00d80b2210 detached from JVMCI runtime 0
Event: 683.120 Thread 0x00007f00d80b2210 attached to JVMCI runtime 0
Event: 683.121 Thread 0x00007f00d80b2210 created JavaVM[5]@0x00007f0073a9e340 for JVMCI runtime 0
Event: 683.121 Thread 0x00007f00d80b2210 initializing JVMCI runtime 0
Event: 683.121 Thread 0x00007f00d80b2210 done waiting for JavaVM references initialization in JVMCI runtime 0

Compilation events (20 events):
Event: 323.510 Thread 0x00007f00d80b3720 7193       3       java.lang.StringBuffer::<init> (7 bytes)
Event: 324.978 Thread 0x00007f00d80b3720 nmethod 7193 0x00007f00c0704d90 code [0x00007f00c0704f40, 0x00007f00c0705080]
Event: 329.194 Thread 0x00007f00d80b2210 nmethod 7181 0x00007f00c71d3590 code [0x00007f00c71d3720, 0x00007f00c71d37f0]
Event: 329.195 Thread 0x00007f00d80b2210 7194  s    4       java.io.ByteArrayOutputStream::write (43 bytes)
Event: 350.276 Thread 0x00007f00d80b2210 nmethod 7194 0x00007f00c71d3910 code [0x00007f00c71d3aa0, 0x00007f00c71d4018]
Event: 350.276 Thread 0x00007f00d80b2210 7195       4       org.eclipse.core.runtime.jobs.Job::getState (5 bytes)
Event: 350.278 Thread 0x00007f00d80b2210 nmethod 7195 0x00007f00c71d4210 code [0x00007f00c71d4380, 0x00007f00c71d4410]
Event: 350.279 Thread 0x00007f00d80b2210 7183       4       java.util.concurrent.ThreadPoolExecutor::afterExecute (1 bytes)
Event: 350.280 Thread 0x00007f00d80b2210 nmethod 7183 0x00007f00c71d4510 code [0x00007f00c71d4680, 0x00007f00c71d46c0]
Event: 384.987 Thread 0x00007f00d80b2210 7196       4       java.util.TaskQueue::getMin (7 bytes)
Event: 414.651 Thread 0x00007f00d80b2210 nmethod 7196 0x00007f00c71d4810 code [0x00007f00c71d4980, 0x00007f00c71d4a20]
Event: 536.562 Thread 0x00007f00d80b3720 7197       3       java.util.TaskQueue::fixDown (108 bytes)
Event: 536.563 Thread 0x00007f00d80b3720 nmethod 7197 0x00007f00c0705110 code [0x00007f00c0705300, 0x00007f00c0705bd0]
Event: 539.764 Thread 0x00007f00d80b3720 7198       3       java.util.TaskQueue::rescheduleMin (16 bytes)
Event: 539.765 Thread 0x00007f00d80b3720 nmethod 7198 0x00007f00c0705e10 code [0x00007f00c0705fc0, 0x00007f00c0706120]
Event: 541.186 Thread 0x00007f00d80b3720 7199       3       org.eclipse.buildship.core.internal.util.progress.RateLimitingProgressMonitor$1::run (55 bytes)
Event: 541.188 Thread 0x00007f00d80b3720 nmethod 7199 0x00007f00c0706210 code [0x00007f00c07065e0, 0x00007f00c0708830]
Event: 575.086 Thread 0x00007f00d80b3720 7200       3       java.text.Format::<init> (5 bytes)
Event: 575.086 Thread 0x00007f00d80b3720 nmethod 7200 0x00007f00c0709090 code [0x00007f00c0709240, 0x00007f00c0709390]
Event: 683.120 Thread 0x00007f00d80b2210 7201       4       java.util.TaskQueue::isEmpty (13 bytes)

GC Heap History (20 events):
Event: 742.087 GC heap before
{Heap before GC invocations=618 (full 482):
 PSYoungGen      total 40448K, used 24576K [0x00000000f5580000, 0x00000000f8e00000, 0x0000000100000000)
  eden space 24576K, 100% used [0x00000000f5580000,0x00000000f6d80000,0x00000000f6d80000)
  from space 15872K, 0% used [0x00000000f7d80000,0x00000000f7d80000,0x00000000f8d00000)
  to   space 15872K, 0% used [0x00000000f6d80000,0x00000000f6d80000,0x00000000f7d00000)
 ParOldGen       total 349696K, used 349695K [0x00000000e0000000, 0x00000000f5580000, 0x00000000f5580000)
  object space 349696K, 99% used [0x00000000e0000000,0x00000000f557ff60,0x00000000f5580000)
 Metaspace       used 53085K, committed 54080K, reserved 1097728K
  class space    used 6240K, committed 6656K, reserved 1048576K
}
Event: 743.378 GC heap after
{Heap after GC invocations=618 (full 482):
 PSYoungGen      total 40448K, used 24576K [0x00000000f5580000, 0x00000000f8e00000, 0x0000000100000000)
  eden space 24576K, 100% used [0x00000000f5580000,0x00000000f6d80000,0x00000000f6d80000)
  from space 15872K, 0% used [0x00000000f6d80000,0x00000000f6d80000,0x00000000f7d00000)
  to   space 15872K, 0% used [0x00000000f7d80000,0x00000000f7d80000,0x00000000f8d00000)
 ParOldGen       total 349696K, used 349695K [0x00000000e0000000, 0x00000000f5580000, 0x00000000f5580000)
  object space 349696K, 99% used [0x00000000e0000000,0x00000000f557ff60,0x00000000f5580000)
 Metaspace       used 53085K, committed 54080K, reserved 1097728K
  class space    used 6240K, committed 6656K, reserved 1048576K
}
Event: 743.378 GC heap before
{Heap before GC invocations=619 (full 483):
 PSYoungGen      total 40448K, used 24576K [0x00000000f5580000, 0x00000000f8e00000, 0x0000000100000000)
  eden space 24576K, 100% used [0x00000000f5580000,0x00000000f6d80000,0x00000000f6d80000)
  from space 15872K, 0% used [0x00000000f6d80000,0x00000000f6d80000,0x00000000f7d00000)
  to   space 15872K, 0% used [0x00000000f7d80000,0x00000000f7d80000,0x00000000f8d00000)
 ParOldGen       total 349696K, used 349695K [0x00000000e0000000, 0x00000000f5580000, 0x00000000f5580000)
  object space 349696K, 99% used [0x00000000e0000000,0x00000000f557ff60,0x00000000f5580000)
 Metaspace       used 53085K, committed 54080K, reserved 1097728K
  class space    used 6240K, committed 6656K, reserved 1048576K
}
Event: 744.755 GC heap after
{Heap after GC invocations=619 (full 483):
 PSYoungGen      total 40448K, used 24576K [0x00000000f5580000, 0x00000000f8e00000, 0x0000000100000000)
  eden space 24576K, 100% used [0x00000000f5580000,0x00000000f6d80000,0x00000000f6d80000)
  from space 15872K, 0% used [0x00000000f7d80000,0x00000000f7d80000,0x00000000f8d00000)
  to   space 15872K, 0% used [0x00000000f6d80000,0x00000000f6d80000,0x00000000f7d00000)
 ParOldGen       total 349696K, used 349695K [0x00000000e0000000, 0x00000000f5580000, 0x00000000f5580000)
  object space 349696K, 99% used [0x00000000e0000000,0x00000000f557ff60,0x00000000f5580000)
 Metaspace       used 53085K, committed 54080K, reserved 1097728K
  class space    used 6240K, committed 6656K, reserved 1048576K
}
Event: 744.755 GC heap before
{Heap before GC invocations=620 (full 484):
 PSYoungGen      total 40448K, used 24576K [0x00000000f5580000, 0x00000000f8e00000, 0x0000000100000000)
  eden space 24576K, 100% used [0x00000000f5580000,0x00000000f6d80000,0x00000000f6d80000)
  from space 15872K, 0% used [0x00000000f7d80000,0x00000000f7d80000,0x00000000f8d00000)
  to   space 15872K, 0% used [0x00000000f6d80000,0x00000000f6d80000,0x00000000f7d00000)
 ParOldGen       total 349696K, used 349695K [0x00000000e0000000, 0x00000000f5580000, 0x00000000f5580000)
  object space 349696K, 99% used [0x00000000e0000000,0x00000000f557ffe8,0x00000000f5580000)
 Metaspace       used 53085K, committed 54080K, reserved 1097728K
  class space    used 6240K, committed 6656K, reserved 1048576K
}
Event: 746.046 GC heap after
{Heap after GC invocations=620 (full 484):
 PSYoungGen      total 40448K, used 24575K [0x00000000f5580000, 0x00000000f8e00000, 0x0000000100000000)
  eden space 24576K, 99% used [0x00000000f5580000,0x00000000f6d7ff70,0x00000000f6d80000)
  from space 15872K, 0% used [0x00000000f6d80000,0x00000000f6d80000,0x00000000f7d00000)
  to   space 15872K, 0% used [0x00000000f7d80000,0x00000000f7d80000,0x00000000f8d00000)
 ParOldGen       total 349696K, used 349693K [0x00000000e0000000, 0x00000000f5580000, 0x00000000f5580000)
  object space 349696K, 99% used [0x00000000e0000000,0x00000000f557f5d0,0x00000000f5580000)
 Metaspace       used 53085K, committed 54080K, reserved 1097728K
  class space    used 6240K, committed 6656K, reserved 1048576K
}
Event: 746.046 GC heap before
{Heap before GC invocations=621 (full 485):
 PSYoungGen      total 40448K, used 24575K [0x00000000f5580000, 0x00000000f8e00000, 0x0000000100000000)
  eden space 24576K, 99% used [0x00000000f5580000,0x00000000f6d7fff0,0x00000000f6d80000)
  from space 15872K, 0% used [0x00000000f6d80000,0x00000000f6d80000,0x00000000f7d00000)
  to   space 15872K, 0% used [0x00000000f7d80000,0x00000000f7d80000,0x00000000f8d00000)
 ParOldGen       total 349696K, used 349693K [0x00000000e0000000, 0x00000000f5580000, 0x00000000f5580000)
  object space 349696K, 99% used [0x00000000e0000000,0x00000000f557f7a8,0x00000000f5580000)
 Metaspace       used 53085K, committed 54080K, reserved 1097728K
  class space    used 6240K, committed 6656K, reserved 1048576K
}
Event: 747.367 GC heap after
{Heap after GC invocations=621 (full 485):
 PSYoungGen      total 40448K, used 24575K [0x00000000f5580000, 0x00000000f8e00000, 0x0000000100000000)
  eden space 24576K, 99% used [0x00000000f5580000,0x00000000f6d7ff58,0x00000000f6d80000)
  from space 15872K, 0% used [0x00000000f7d80000,0x00000000f7d80000,0x00000000f8d00000)
  to   space 15872K, 0% used [0x00000000f6d80000,0x00000000f6d80000,0x00000000f7d00000)
 ParOldGen       total 349696K, used 349693K [0x00000000e0000000, 0x00000000f5580000, 0x00000000f5580000)
  object space 349696K, 99% used [0x00000000e0000000,0x00000000f557f788,0x00000000f5580000)
 Metaspace       used 53085K, committed 54080K, reserved 1097728K
  class space    used 6240K, committed 6656K, reserved 1048576K
}
Event: 747.367 GC heap before
{Heap before GC invocations=622 (full 486):
 PSYoungGen      total 40448K, used 24575K [0x00000000f5580000, 0x00000000f8e00000, 0x0000000100000000)
  eden space 24576K, 99% used [0x00000000f5580000,0x00000000f6d7ff58,0x00000000f6d80000)
  from space 15872K, 0% used [0x00000000f7d80000,0x00000000f7d80000,0x00000000f8d00000)
  to   space 15872K, 0% used [0x00000000f6d80000,0x00000000f6d80000,0x00000000f7d00000)
 ParOldGen       total 349696K, used 349693K [0x00000000e0000000, 0x00000000f5580000, 0x00000000f5580000)
  object space 349696K, 99% used [0x00000000e0000000,0x00000000f557f788,0x00000000f5580000)
 Metaspace       used 53085K, committed 54080K, reserved 1097728K
  class space    used 6240K, committed 6656K, reserved 1048576K
}
Event: 748.663 GC heap after
{Heap after GC invocations=622 (full 486):
 PSYoungGen      total 40448K, used 24575K [0x00000000f5580000, 0x00000000f8e00000, 0x0000000100000000)
  eden space 24576K, 99% used [0x00000000f5580000,0x00000000f6d7ff58,0x00000000f6d80000)
  from space 15872K, 0% used [0x00000000f6d80000,0x00000000f6d80000,0x00000000f7d00000)
  to   space 15872K, 0% used [0x00000000f7d80000,0x00000000f7d80000,0x00000000f8d00000)
 ParOldGen       total 349696K, used 349693K [0x00000000e0000000, 0x00000000f5580000, 0x00000000f5580000)
  object space 349696K, 99% used [0x00000000e0000000,0x00000000f557f788,0x00000000f5580000)
 Metaspace       used 53085K, committed 54080K, reserved 1097728K
  class space    used 6240K, committed 6656K, reserved 1048576K
}
Event: 748.663 GC heap before
{Heap before GC invocations=623 (full 487):
 PSYoungGen      total 40448K, used 24575K [0x00000000f5580000, 0x00000000f8e00000, 0x0000000100000000)
  eden space 24576K, 99% used [0x00000000f5580000,0x00000000f6d7fff8,0x00000000f6d80000)
  from space 15872K, 0% used [0x00000000f6d80000,0x00000000f6d80000,0x00000000f7d00000)
  to   space 15872K, 0% used [0x00000000f7d80000,0x00000000f7d80000,0x00000000f8d00000)
 ParOldGen       total 349696K, used 349695K [0x00000000e0000000, 0x00000000f5580000, 0x00000000f5580000)
  object space 349696K, 99% used [0x00000000e0000000,0x00000000f557fc30,0x00000000f5580000)
 Metaspace       used 53085K, committed 54080K, reserved 1097728K
  class space    used 6240K, committed 6656K, reserved 1048576K
}
Event: 750.084 GC heap after
{Heap after GC invocations=623 (full 487):
 PSYoungGen      total 40448K, used 24575K [0x00000000f5580000, 0x00000000f8e00000, 0x0000000100000000)
  eden space 24576K, 99% used [0x00000000f5580000,0x00000000f6d7ffb8,0x00000000f6d80000)
  from space 15872K, 0% used [0x00000000f7d80000,0x00000000f7d80000,0x00000000f8d00000)
  to   space 15872K, 0% used [0x00000000f6d80000,0x00000000f6d80000,0x00000000f7d00000)
 ParOldGen       total 349696K, used 349694K [0x00000000e0000000, 0x00000000f5580000, 0x00000000f5580000)
  object space 349696K, 99% used [0x00000000e0000000,0x00000000f557fa70,0x00000000f5580000)
 Metaspace       used 53085K, committed 54080K, reserved 1097728K
  class space    used 6240K, committed 6656K, reserved 1048576K
}
Event: 750.085 GC heap before
{Heap before GC invocations=624 (full 488):
 PSYoungGen      total 40448K, used 24575K [0x00000000f5580000, 0x00000000f8e00000, 0x0000000100000000)
  eden space 24576K, 99% used [0x00000000f5580000,0x00000000f6d7fff8,0x00000000f6d80000)
  from space 15872K, 0% used [0x00000000f7d80000,0x00000000f7d80000,0x00000000f8d00000)
  to   space 15872K, 0% used [0x00000000f6d80000,0x00000000f6d80000,0x00000000f7d00000)
 ParOldGen       total 349696K, used 349694K [0x00000000e0000000, 0x00000000f5580000, 0x00000000f5580000)
  object space 349696K, 99% used [0x00000000e0000000,0x00000000f557fa70,0x00000000f5580000)
 Metaspace       used 53085K, committed 54080K, reserved 1097728K
  class space    used 6240K, committed 6656K, reserved 1048576K
}
Event: 751.470 GC heap after
{Heap after GC invocations=624 (full 488):
 PSYoungGen      total 40448K, used 24575K [0x00000000f5580000, 0x00000000f8e00000, 0x0000000100000000)
  eden space 24576K, 99% used [0x00000000f5580000,0x00000000f6d7ffd8,0x00000000f6d80000)
  from space 15872K, 0% used [0x00000000f6d80000,0x00000000f6d80000,0x00000000f7d00000)
  to   space 15872K, 0% used [0x00000000f7d80000,0x00000000f7d80000,0x00000000f8d00000)
 ParOldGen       total 349696K, used 349694K [0x00000000e0000000, 0x00000000f5580000, 0x00000000f5580000)
  object space 349696K, 99% used [0x00000000e0000000,0x00000000f557fa70,0x00000000f5580000)
 Metaspace       used 53085K, committed 54080K, reserved 1097728K
  class space    used 6240K, committed 6656K, reserved 1048576K
}
Event: 751.470 GC heap before
{Heap before GC invocations=625 (full 489):
 PSYoungGen      total 40448K, used 24575K [0x00000000f5580000, 0x00000000f8e00000, 0x0000000100000000)
  eden space 24576K, 99% used [0x00000000f5580000,0x00000000f6d7fff0,0x00000000f6d80000)
  from space 15872K, 0% used [0x00000000f6d80000,0x00000000f6d80000,0x00000000f7d00000)
  to   space 15872K, 0% used [0x00000000f7d80000,0x00000000f7d80000,0x00000000f8d00000)
 ParOldGen       total 349696K, used 349694K [0x00000000e0000000, 0x00000000f5580000, 0x00000000f5580000)
  object space 349696K, 99% used [0x00000000e0000000,0x00000000f557fa70,0x00000000f5580000)
 Metaspace       used 53085K, committed 54080K, reserved 1097728K
  class space    used 6240K, committed 6656K, reserved 1048576K
}
Event: 752.878 GC heap after
{Heap after GC invocations=625 (full 489):
 PSYoungGen      total 40448K, used 24575K [0x00000000f5580000, 0x00000000f8e00000, 0x0000000100000000)
  eden space 24576K, 99% used [0x00000000f5580000,0x00000000f6d7ffd0,0x00000000f6d80000)
  from space 15872K, 0% used [0x00000000f7d80000,0x00000000f7d80000,0x00000000f8d00000)
  to   space 15872K, 0% used [0x00000000f6d80000,0x00000000f6d80000,0x00000000f7d00000)
 ParOldGen       total 349696K, used 349694K [0x00000000e0000000, 0x00000000f5580000, 0x00000000f5580000)
  object space 349696K, 99% used [0x00000000e0000000,0x00000000f557fa70,0x00000000f5580000)
 Metaspace       used 53085K, committed 54080K, reserved 1097728K
  class space    used 6240K, committed 6656K, reserved 1048576K
}
Event: 752.878 GC heap before
{Heap before GC invocations=626 (full 490):
 PSYoungGen      total 40448K, used 24575K [0x00000000f5580000, 0x00000000f8e00000, 0x0000000100000000)
  eden space 24576K, 99% used [0x00000000f5580000,0x00000000f6d7fff0,0x00000000f6d80000)
  from space 15872K, 0% used [0x00000000f7d80000,0x00000000f7d80000,0x00000000f8d00000)
  to   space 15872K, 0% used [0x00000000f6d80000,0x00000000f6d80000,0x00000000f7d00000)
 ParOldGen       total 349696K, used 349694K [0x00000000e0000000, 0x00000000f5580000, 0x00000000f5580000)
  object space 349696K, 99% used [0x00000000e0000000,0x00000000f557fad8,0x00000000f5580000)
 Metaspace       used 53085K, committed 54080K, reserved 1097728K
  class space    used 6240K, committed 6656K, reserved 1048576K
}
Event: 754.175 GC heap after
{Heap after GC invocations=626 (full 490):
 PSYoungGen      total 40448K, used 24575K [0x00000000f5580000, 0x00000000f8e00000, 0x0000000100000000)
  eden space 24576K, 99% used [0x00000000f5580000,0x00000000f6d7fff0,0x00000000f6d80000)
  from space 15872K, 0% used [0x00000000f6d80000,0x00000000f6d80000,0x00000000f7d00000)
  to   space 15872K, 0% used [0x00000000f7d80000,0x00000000f7d80000,0x00000000f8d00000)
 ParOldGen       total 349696K, used 349694K [0x00000000e0000000, 0x00000000f5580000, 0x00000000f5580000)
  object space 349696K, 99% used [0x00000000e0000000,0x00000000f557fad8,0x00000000f5580000)
 Metaspace       used 53085K, committed 54080K, reserved 1097728K
  class space    used 6240K, committed 6656K, reserved 1048576K
}
Event: 754.175 GC heap before
{Heap before GC invocations=627 (full 491):
 PSYoungGen      total 40448K, used 24575K [0x00000000f5580000, 0x00000000f8e00000, 0x0000000100000000)
  eden space 24576K, 99% used [0x00000000f5580000,0x00000000f6d7fff0,0x00000000f6d80000)
  from space 15872K, 0% used [0x00000000f6d80000,0x00000000f6d80000,0x00000000f7d00000)
  to   space 15872K, 0% used [0x00000000f7d80000,0x00000000f7d80000,0x00000000f8d00000)
 ParOldGen       total 349696K, used 349694K [0x00000000e0000000, 0x00000000f5580000, 0x00000000f5580000)
  object space 349696K, 99% used [0x00000000e0000000,0x00000000f557fad8,0x00000000f5580000)
 Metaspace       used 53085K, committed 54080K, reserved 1097728K
  class space    used 6240K, committed 6656K, reserved 1048576K
}
Event: 755.569 GC heap after
{Heap after GC invocations=627 (full 491):
 PSYoungGen      total 40448K, used 24575K [0x00000000f5580000, 0x00000000f8e00000, 0x0000000100000000)
  eden space 24576K, 99% used [0x00000000f5580000,0x00000000f6d7ffa8,0x00000000f6d80000)
  from space 15872K, 0% used [0x00000000f7d80000,0x00000000f7d80000,0x00000000f8d00000)
  to   space 15872K, 0% used [0x00000000f6d80000,0x00000000f6d80000,0x00000000f7d00000)
 ParOldGen       total 349696K, used 349694K [0x00000000e0000000, 0x00000000f5580000, 0x00000000f5580000)
  object space 349696K, 99% used [0x00000000e0000000,0x00000000f557fa40,0x00000000f5580000)
 Metaspace       used 53085K, committed 54080K, reserved 1097728K
  class space    used 6240K, committed 6656K, reserved 1048576K
}

Dll operation events (13 events):
Event: 0.002 Loaded shared library /nix/store/gpxl5qgg8kicmcvivwmybwjlpf7wh20l-graalvm17-ce-22.3.0/lib/libjava.so
Event: 0.039 Loaded shared library /nix/store/gpxl5qgg8kicmcvivwmybwjlpf7wh20l-graalvm17-ce-22.3.0/lib/libjsvml.so
Event: 0.319 Loaded shared library /nix/store/gpxl5qgg8kicmcvivwmybwjlpf7wh20l-graalvm17-ce-22.3.0/lib/libnio.so
Event: 0.322 Loaded shared library /nix/store/gpxl5qgg8kicmcvivwmybwjlpf7wh20l-graalvm17-ce-22.3.0/lib/libjvmcicompiler.so
Event: 0.340 Loaded shared library /nix/store/gpxl5qgg8kicmcvivwmybwjlpf7wh20l-graalvm17-ce-22.3.0/lib/libzip.so
Event: 0.840 Loaded shared library /nix/store/gpxl5qgg8kicmcvivwmybwjlpf7wh20l-graalvm17-ce-22.3.0/lib/libjimage.so
Event: 1.449 Loaded shared library /nix/store/gpxl5qgg8kicmcvivwmybwjlpf7wh20l-graalvm17-ce-22.3.0/lib/libnet.so
Event: 5.157 Loaded shared library /home/runner/.cache/jdt-language-server/config/org.eclipse.equinox.launcher/org.eclipse.equinox.launcher.gtk.linux.x86_64_1.2.400.v20211117-0650/eclipse_11600.so
Event: 15.074 Loaded shared library /nix/store/gpxl5qgg8kicmcvivwmybwjlpf7wh20l-graalvm17-ce-22.3.0/lib/libextnet.so
Event: 53.851 Loaded shared library /home/runner/.gradle/native/8bec1ad78214c89d9ad589b4d07fe93259594b29d510b10fafb7a158f7737e5d/linux-amd64/libnative-platform.so
Event: 54.049 Loading shared library /home/runner/.gradle/native/53dbd7edfb1c66fb8903c78663c9afc45aea4f116125fa6feffd364cf09443e8/linux-amd64/libnative-platform-file-events.so failed, libstdc++.so.6: cannot open shared object file: No such file or directory
Event: 57.159 Loaded shared library /nix/store/gpxl5qgg8kicmcvivwmybwjlpf7wh20l-graalvm17-ce-22.3.0/lib/libmanagement.so
Event: 57.284 Loaded shared library /nix/store/gpxl5qgg8kicmcvivwmybwjlpf7wh20l-graalvm17-ce-22.3.0/lib/libmanagement_ext.so

Deoptimization events (20 events):
Event: 100.547 Thread 0x00007f003c143ee0 DEOPT PACKING pc=0x00007f00c06adde8 sp=0x00007f00851fca10
Event: 100.547 Thread 0x00007f003c143ee0 DEOPT UNPACKING pc=0x00007f00bf505325 sp=0x00007f00851fbf10 mode 0
Event: 100.547 Thread 0x00007f003c143ee0 DEOPT PACKING pc=0x00007f00c06adde8 sp=0x00007f00851fca10
Event: 100.547 Thread 0x00007f003c143ee0 DEOPT UNPACKING pc=0x00007f00bf505325 sp=0x00007f00851fbf10 mode 0
Event: 103.751 Thread 0x00007f003c143ee0 DEOPT PACKING pc=0x00007f00c06b8d9c sp=0x00007f00851fd610
Event: 103.751 Thread 0x00007f003c143ee0 DEOPT UNPACKING pc=0x00007f00bf505325 sp=0x00007f00851fcad8 mode 0
Event: 109.582 Thread 0x00007f003c143ee0 DEOPT PACKING pc=0x00007f00c06b14d6 sp=0x00007f00851fae10
Event: 109.582 Thread 0x00007f003c143ee0 DEOPT UNPACKING pc=0x00007f00bf505325 sp=0x00007f00851fa2f0 mode 0
Event: 318.745 Thread 0x00007f003c143ee0 Uncommon trap: trap_request=0xffffffcd fr.pc=0x00007f00c714974d relative=0x00000000000007ed
Event: 318.745 Thread 0x00007f003c143ee0 Uncommon trap: reason=intrinsic_or_type_checked_inlining action=reinterpret pc=0x00007f00c714974d method=java.nio.channels.spi.AbstractInterruptibleChannel.close()V @ 22 jvmci
Event: 318.745 Thread 0x00007f003c143ee0 DEOPT PACKING pc=0x00007f00c714974d sp=0x00007f00851fdb70
Event: 318.745 Thread 0x00007f003c143ee0 DEOPT UNPACKING pc=0x00007f00bf505325 sp=0x00007f00851fd028 mode 3
Event: 717.346 Thread 0x00007f0078482a60 Uncommon trap: trap_request=0xffffff8f fr.pc=0x00007f00c71b1a9b relative=0x00000000000011db
Event: 717.346 Thread 0x00007f0078482a60 Uncommon trap: reason=constraint action=none pc=0x00007f00c71b1a9b method=org.eclipse.jdt.internal.core.index.DiskIndex.copyQueryResults(Lorg/eclipse/jdt/internal/compiler/util/HashtableOfObject;I)V @ 123 jvmci
Event: 717.347 Thread 0x00007f0078482a60 DEOPT PACKING pc=0x00007f00c71b1a9b sp=0x00007f00861fe530
Event: 717.347 Thread 0x00007f0078482a60 DEOPT UNPACKING pc=0x00007f00bf505325 sp=0x00007f00861fda28 mode 3
Event: 748.663 Thread 0x00007f00d80b2210 Uncommon trap: trap_request=0xffffff8f fr.pc=0x00007f00c7042e9b relative=0x000000000000017b
Event: 748.663 Thread 0x00007f00d80b2210 Uncommon trap: reason=constraint action=none pc=0x00007f00c7042e9b method=java.io.ByteArrayOutputStream.<init>(I)V @ 0 jvmci
Event: 748.663 Thread 0x00007f00d80b2210 DEOPT PACKING pc=0x00007f00c7042e9b sp=0x00007f00bf1b1020
Event: 748.663 Thread 0x00007f00d80b2210 DEOPT UNPACKING pc=0x00007f00bf505325 sp=0x00007f00bf1b04c8 mode 3

Classes unloaded (20 events):
Event: 250.956 Thread 0x00007f00d80a1c10 Unloading class 0x0000000801285c00 'jdk/internal/reflect/GeneratedSerializationConstructorAccessor36'
Event: 250.956 Thread 0x00007f00d80a1c10 Unloading class 0x0000000801285800 'jdk/internal/reflect/GeneratedSerializationConstructorAccessor34'
Event: 250.956 Thread 0x00007f00d80a1c10 Unloading class 0x0000000801285400 'jdk/internal/reflect/GeneratedSerializationConstructorAccessor33'
Event: 250.956 Thread 0x00007f00d80a1c10 Unloading class 0x0000000801285000 'jdk/internal/reflect/GeneratedSerializationConstructorAccessor32'
Event: 250.956 Thread 0x00007f00d80a1c10 Unloading class 0x0000000801284c00 'jdk/internal/reflect/GeneratedSerializationConstructorAccessor31'
Event: 250.956 Thread 0x00007f00d80a1c10 Unloading class 0x0000000801284800 'jdk/internal/reflect/GeneratedSerializationConstructorAccessor30'
Event: 250.956 Thread 0x00007f00d80a1c10 Unloading class 0x0000000801284000 'jdk/internal/reflect/GeneratedSerializationConstructorAccessor28'
Event: 266.229 Thread 0x00007f00d80a1c10 Unloading class 0x0000000801194000 'jdk/internal/reflect/GeneratedMethodAccessor10'
Event: 266.229 Thread 0x00007f00d80a1c10 Unloading class 0x0000000800c01c00 'jdk/internal/reflect/GeneratedMethodAccessor9'
Event: 266.229 Thread 0x00007f00d80a1c10 Unloading class 0x0000000800c1d000 'jdk/internal/reflect/GeneratedSerializationConstructorAccessor51'
Event: 266.229 Thread 0x00007f00d80a1c10 Unloading class 0x0000000800d04000 'jdk/internal/reflect/GeneratedSerializationConstructorAccessor50'
Event: 266.229 Thread 0x00007f00d80a1c10 Unloading class 0x0000000800d05000 'jdk/internal/reflect/GeneratedSerializationConstructorAccessor49'
Event: 266.229 Thread 0x00007f00d80a1c10 Unloading class 0x0000000800d06000 'jdk/internal/reflect/GeneratedSerializationConstructorAccessor48'
Event: 266.229 Thread 0x00007f00d80a1c10 Unloading class 0x0000000800d06800 'jdk/internal/reflect/GeneratedSerializationConstructorAccessor47'
Event: 266.229 Thread 0x00007f00d80a1c10 Unloading class 0x0000000800d99000 'jdk/internal/reflect/GeneratedSerializationConstructorAccessor46'
Event: 266.229 Thread 0x00007f00d80a1c10 Unloading class 0x0000000800eec800 'jdk/internal/reflect/GeneratedSerializationConstructorAccessor45'
Event: 266.229 Thread 0x00007f00d80a1c10 Unloading class 0x0000000800ef0000 'jdk/internal/reflect/GeneratedSerializationConstructorAccessor44'
Event: 266.229 Thread 0x00007f00d80a1c10 Unloading class 0x0000000801056400 'jdk/internal/reflect/GeneratedSerializationConstructorAccessor43'
Event: 266.229 Thread 0x00007f00d80a1c10 Unloading class 0x0000000801058000 'jdk/internal/reflect/GeneratedSerializationConstructorAccessor42'
Event: 266.229 Thread 0x00007f00d80a1c10 Unloading class 0x00000008010a0000 'jdk/internal/reflect/GeneratedSerializationConstructorAccessor41'

Classes redefined (0 events):
No events

Internal exceptions (20 events):
Event: 81.140 Thread 0x00007f003c143ee0 Exception <a 'java/lang/NoSuchMethodError'{0x00000000f6ac58c0}: static Lorg/gradle/internal/operations/OperationIdentifier;.<clinit>()V> (0x00000000f6ac58c0) 
thrown [src/hotspot/share/prims/jni.cpp, line 1107]
Event: 86.660 Thread 0x00007f003c143ee0 Exception <a 'java/lang/NoSuchMethodError'{0x00000000f6c660e0}: static Lorg/gradle/internal/build/event/types/DefaultOperationFinishedProgressEvent;.<clinit>()V> (0x00000000f6c660e0) 
thrown [src/hotspot/share/prims/jni.cpp, line 1107]
Event: 86.740 Thread 0x00007f003c143ee0 Exception <a 'java/lang/NoSuchMethodError'{0x00000000f6c73fc8}: static Lorg/gradle/internal/build/event/types/AbstractResult;.<clinit>()V> (0x00000000f6c73fc8) 
thrown [src/hotspot/share/prims/jni.cpp, line 1107]
Event: 86.741 Thread 0x00007f003c143ee0 Exception <a 'java/lang/NoSuchMethodError'{0x00000000f6c7ce00}: static Lorg/gradle/internal/build/event/types/AbstractOperationResult;.<clinit>()V> (0x00000000f6c7ce00) 
thrown [src/hotspot/share/prims/jni.cpp, line 1107]
Event: 86.742 Thread 0x00007f003c143ee0 Exception <a 'java/lang/NoSuchMethodError'{0x00000000f6c87b20}: static Lorg/gradle/internal/build/event/types/DefaultSuccessResult;.<clinit>()V> (0x00000000f6c87b20) 
thrown [src/hotspot/share/prims/jni.cpp, line 1107]
Event: 100.461 Thread 0x00007f003c143ee0 Exception <a 'java/lang/NoSuchMethodError'{0x00000000f6c56830}: static Lorg/gradle/internal/build/event/types/DefaultFailureResult;.<clinit>()V> (0x00000000f6c56830) 
thrown [src/hotspot/share/prims/jni.cpp, line 1107]
Event: 100.542 Thread 0x00007f003c143ee0 Exception <a 'java/lang/NoSuchMethodError'{0x00000000f6ca76b8}: static Lorg/gradle/internal/build/event/types/DefaultFailure;.<clinit>()V> (0x00000000f6ca76b8) 
thrown [src/hotspot/share/prims/jni.cpp, line 1107]
Event: 103.752 Thread 0x00007f003c143ee0 Exception <a 'java/lang/NoSuchMethodError'{0x00000000f6d1dab0}: static Lorg/gradle/internal/build/event/types/DefaultOperationStartedProgressEvent;.<clinit>()V> (0x00000000f6d1dab0) 
thrown [src/hotspot/share/prims/jni.cpp, line 1107]
Event: 103.754 Thread 0x00007f003c143ee0 Exception <a 'java/lang/NoSuchMethodError'{0x00000000f6d2b930}: static Lorg/gradle/internal/build/event/types/DefaultSuccessResult;.<clinit>()V> (0x00000000f6d2b930) 
thrown [src/hotspot/share/prims/jni.cpp, line 1107]
Event: 105.154 Thread 0x00007f003c143ee0 Exception <a 'java/lang/NoSuchMethodError'{0x00000000f6d7d8b0}: static Lorg/gradle/tooling/internal/provider/serialization/ClassLoaderDetails;.<clinit>()V> (0x00000000f6d7d8b0) 
thrown [src/hotspot/share/prims/jni.cpp, line 1107]
Event: 106.747 Thread 0x00007f003c143ee0 Exception <a 'java/lang/NoSuchMethodError'{0x00000000f6d5bea8}: static Lorg/gradle/internal/classloader/ClassLoaderSpec;.<clinit>()V> (0x00000000f6d5bea8) 
thrown [src/hotspot/share/prims/jni.cpp, line 1107]
Event: 106.748 Thread 0x00007f003c143ee0 Exception <a 'java/lang/NoSuchMethodError'{0x00000000f6d67a68}: static Lorg/gradle/tooling/internal/provider/serialization/WellKnownClassLoaderRegistry$KnownClassLoaderSpec;.<clinit>()V> (0x00000000f6d67a68) 
thrown [src/hotspot/share/prims/jni.cpp, line 1107]
Event: 106.750 Thread 0x00007f003c143ee0 Exception <a 'java/lang/NoSuchMethodError'{0x00000000f6d7f570}: static Lorg/gradle/internal/classloader/ClassLoaderSpec;.<clinit>()V> (0x00000000f6d7f570) 
thrown [src/hotspot/share/prims/jni.cpp, line 1107]
Event: 108.269 Thread 0x00007f003c143ee0 Exception <a 'java/lang/NoSuchMethodError'{0x00000000f6d39790}: static Lorg/gradle/internal/classloader/VisitableURLClassLoader$Spec;.<clinit>()V> (0x00000000f6d39790) 
thrown [src/hotspot/share/prims/jni.cpp, line 1107]
Event: 717.346 Thread 0x00007f0078482a60 Exception <a 'java/lang/OutOfMemoryError'{0x00000000e0014160}> (0x00000000e0014160) 
thrown [src/hotspot/share/gc/shared/memAllocator.cpp, line 138]
Event: 717.346 Thread 0x00007f0078482a60 Implicit null exception at 0x00007f00c71b150e to 0x00007f00c71b1a80
Event: 744.755 Thread 0x00007f003c143ee0 Exception <a 'java/lang/OutOfMemoryError'{0x00000000e0013620}> (0x00000000e0013620) 
thrown [src/hotspot/share/gc/shared/memAllocator.cpp, line 136]
Event: 748.663 Thread 0x00007f00d80b2210 Exception <a 'java/lang/OutOfMemoryError'{0x00000000e0013620}> (0x00000000e0013620) 
thrown [src/hotspot/share/gc/shared/memAllocator.cpp, line 138]
Event: 748.663 Thread 0x00007f00d80b2210 Implicit null exception at 0x00007f00c7042e51 to 0x00007f00c7042e80
Event: 755.569 Thread 0x00007f00d80b2210 Exception <a 'java/lang/OutOfMemoryError'{0x00000000e0013940}> (0x00000000e0013940) 
thrown [src/hotspot/share/gc/shared/memAllocator.cpp, line 136]

VM Operations (20 events):
Event: 736.649 Executing VM operation: ParallelGCFailedAllocation
Event: 737.988 Executing VM operation: ParallelGCFailedAllocation done
Event: 737.988 Executing VM operation: ParallelGCFailedAllocation
Event: 739.374 Executing VM operation: ParallelGCFailedAllocation done
Event: 739.374 Executing VM operation: ParallelGCFailedAllocation
Event: 742.084 Executing VM operation: ParallelGCFailedAllocation done
Event: 742.084 Executing VM operation: ParallelGCFailedAllocation
Event: 744.755 Executing VM operation: ParallelGCFailedAllocation done
Event: 744.755 Executing VM operation: ParallelGCFailedAllocation
Event: 746.046 Executing VM operation: ParallelGCFailedAllocation done
Event: 746.046 Executing VM operation: ParallelGCFailedAllocation
Event: 748.663 Executing VM operation: ParallelGCFailedAllocation done
Event: 748.663 Executing VM operation: ParallelGCFailedAllocation
Event: 750.085 Executing VM operation: ParallelGCFailedAllocation done
Event: 750.085 Executing VM operation: ParallelGCFailedAllocation
Event: 751.470 Executing VM operation: ParallelGCFailedAllocation done
Event: 751.470 Executing VM operation: ParallelGCFailedAllocation
Event: 752.878 Executing VM operation: ParallelGCFailedAllocation done
Event: 752.878 Executing VM operation: ParallelGCFailedAllocation
Event: 755.569 Executing VM operation: ParallelGCFailedAllocation done

Events (20 events):
Event: 81.047 loading class java/io/ObjectInputStream$ValidationList
Event: 81.047 loading class java/io/ObjectInputStream$ValidationList done
Event: 81.047 loading class java/io/ObjectInputFilter$Config
Event: 81.047 loading class java/io/ObjectInputFilter$Config done
Event: 81.048 loading class java/io/ObjectInputFilter
Event: 81.048 loading class java/io/ObjectInputFilter done
Event: 81.049 loading class java/io/ObjectInputFilter$Config$BuiltinFilterFactory
Event: 81.049 loading class java/io/ObjectInputFilter$Config$BuiltinFilterFactory done
Event: 81.049 loading class jdk/internal/access/JavaObjectInputFilterAccess
Event: 81.049 loading class jdk/internal/access/JavaObjectInputFilterAccess done
Event: 81.050 loading class jdk/internal/event/DeserializationEvent
Event: 81.050 loading class jdk/internal/event/DeserializationEvent done
Event: 81.053 loading class java/io/ObjectInputStream$FieldValues
Event: 81.054 loading class java/io/ObjectInputStream$GetField
Event: 81.054 loading class java/io/ObjectInputStream$GetField done
Event: 81.054 loading class java/io/ObjectInputStream$FieldValues done
Event: 105.151 loading class java/util/HashMap$UnsafeHolder
Event: 105.151 loading class java/util/HashMap$UnsafeHolder done
Event: 141.658 Thread 0x00007f0028dc2a20 Thread exited: 0x00007f0028dc2a20
Event: 322.087 Thread 0x00007f0028c168b0 Thread exited: 0x00007f0028c168b0


Dynamic libraries:
e0000000-f5580000 rw-p 00000000 00:00 0 
f5580000-f8e00000 rw-p 00000000 00:00 0 
f8e00000-100000000 ---p 00000000 00:00 0 
800000000-800449000 rw-p 00001000 00:17e0 9223372037562745673            /nix/store/gpxl5qgg8kicmcvivwmybwjlpf7wh20l-graalvm17-ce-22.3.0/lib/server/classes.jsa
800449000-800bc8000 r--p 0044a000 00:17e0 9223372037562745673            /nix/store/gpxl5qgg8kicmcvivwmybwjlpf7wh20l-graalvm17-ce-22.3.0/lib/server/classes.jsa
800bc8000-800c00000 ---p 00000000 00:00 0 
800c00000-800c20000 rw-p 00000000 00:00 0 
800c20000-800c40000 rw-p 00000000 00:00 0 
800c40000-800cc0000 rw-p 00000000 00:00 0 
800cc0000-800d00000 rw-p 00000000 00:00 0 
800d00000-800dc0000 rw-p 00000000 00:00 0 
800dc0000-800e00000 rw-p 00000000 00:00 0 
800e00000-800f40000 rw-p 00000000 00:00 0 
800f40000-800fc0000 rw-p 00000000 00:00 0 
800fc0000-801000000 rw-p 00000000 00:00 0 
801000000-801270000 rw-p 00000000 00:00 0 
801270000-801280000 ---p 00000000 00:00 0 
801280000-801290000 rw-p 00000000 00:00 0 
801290000-840c00000 ---p 00000000 00:00 0 
560eb9599000-560eb959a000 r-xp 00000000 00:17e0 9223372037526805748      /nix/store/gpxl5qgg8kicmcvivwmybwjlpf7wh20l-graalvm17-ce-22.3.0/bin/.java-wrapped
560eb959b000-560eb959c000 r--p 00001000 00:17e0 9223372037526805748      /nix/store/gpxl5qgg8kicmcvivwmybwjlpf7wh20l-graalvm17-ce-22.3.0/bin/.java-wrapped
560eb959c000-560eb959d000 rw-p 00002000 00:17e0 9223372037526805748      /nix/store/gpxl5qgg8kicmcvivwmybwjlpf7wh20l-graalvm17-ce-22.3.0/bin/.java-wrapped
560eb959d000-560eb959e000 rw-p 00004000 00:17e0 9223372037526805748      /nix/store/gpxl5qgg8kicmcvivwmybwjlpf7wh20l-graalvm17-ce-22.3.0/bin/.java-wrapped
560eb959e000-560eb959f000 rw-p 00005000 00:17e0 9223372037526805748      /nix/store/gpxl5qgg8kicmcvivwmybwjlpf7wh20l-graalvm17-ce-22.3.0/bin/.java-wrapped
560eb97a6000-560eb97ee000 rw-p 00000000 00:00 0                          [heap]
7f0014000000-7f0014021000 rw-p 00000000 00:00 0 
7f0014021000-7f0018000000 ---p 00000000 00:00 0 
7f001c000000-7f001c021000 rw-p 00000000 00:00 0 
7f001c021000-7f0020000000 ---p 00000000 00:00 0 
7f0020000000-7f0020021000 rw-p 00000000 00:00 0 
7f0020021000-7f0024000000 ---p 00000000 00:00 0 
7f0024000000-7f0024021000 rw-p 00000000 00:00 0 
7f0024021000-7f0028000000 ---p 00000000 00:00 0 
7f0028000000-7f0028dfc000 rw-p 00000000 00:00 0 
7f0028dfc000-7f002c000000 ---p 00000000 00:00 0 
7f002c000000-7f002c021000 rw-p 00000000 00:00 0 
7f002c021000-7f0030000000 ---p 00000000 00:00 0 
7f0031400000-7f0031500000 rw-p 00000000 00:00 0 
7f0031500000-7f0031600000 rw-p 00000000 00:00 0 
7f0031600000-7f0031a50000 rw-p 00000000 00:00 0 
7f0031a50000-7f0031c00000 ---p 00000000 00:00 0 
7f0031c00000-7f0031c05000 r-xp 00000000 00:17dd 770                      /home/runner/.gradle/native/8bec1ad78214c89d9ad589b4d07fe93259594b29d510b10fafb7a158f7737e5d/linux-amd64/libnative-platform.so
7f0031c05000-7f0031e05000 ---p 00005000 00:17dd 770                      /home/runner/.gradle/native/8bec1ad78214c89d9ad589b4d07fe93259594b29d510b10fafb7a158f7737e5d/linux-amd64/libnative-platform.so
7f0031e05000-7f0031e06000 r--p 00005000 00:17dd 770                      /home/runner/.gradle/native/8bec1ad78214c89d9ad589b4d07fe93259594b29d510b10fafb7a158f7737e5d/linux-amd64/libnative-platform.so
7f0031e06000-7f0031e07000 rw-p 00006000 00:17dd 770                      /home/runner/.gradle/native/8bec1ad78214c89d9ad589b4d07fe93259594b29d510b10fafb7a158f7737e5d/linux-amd64/libnative-platform.so
7f00324b3000-7f003c000000 r--s 00000000 00:17e0 9223372037562580485      /nix/store/gpxl5qgg8kicmcvivwmybwjlpf7wh20l-graalvm17-ce-22.3.0/lib/modules
7f003c000000-7f003c15e000 rw-p 00000000 00:00 0 
7f003c15e000-7f0040000000 ---p 00000000 00:00 0 
7f0040000000-7f0040021000 rw-p 00000000 00:00 0 
7f0040021000-7f0044000000 ---p 00000000 00:00 0 
7f0044000000-7f00440f4000 rw-p 00000000 00:00 0 
7f00440f4000-7f0048000000 ---p 00000000 00:00 0 
7f0048000000-7f0048061000 rw-p 00000000 00:00 0 
7f0048061000-7f004c000000 ---p 00000000 00:00 0 
7f004c000000-7f004c021000 rw-p 00000000 00:00 0 
7f004c021000-7f0050000000 ---p 00000000 00:00 0 
7f0050000000-7f0050021000 rw-p 00000000 00:00 0 
7f0050021000-7f0054000000 ---p 00000000 00:00 0 
7f0054000000-7f0054325000 rw-p 00000000 00:00 0 
7f0054325000-7f0058000000 ---p 00000000 00:00 0 
7f0058000000-7f0058054000 rw-p 00000000 00:00 0 
7f0058054000-7f005c000000 ---p 00000000 00:00 0 
7f005c000000-7f005c021000 rw-p 00000000 00:00 0 
7f005c021000-7f0060000000 ---p 00000000 00:00 0 
7f0060000000-7f0060052000 rw-p 00000000 00:00 0 
7f0060052000-7f0064000000 ---p 00000000 00:00 0 
7f0064000000-7f0064021000 rw-p 00000000 00:00 0 
7f0064021000-7f0068000000 ---p 00000000 00:00 0 
7f0068000000-7f0068021000 rw-p 00000000 00:00 0 
7f0068021000-7f006c000000 ---p 00000000 00:00 0 
7f006c000000-7f006c025000 rw-p 00000000 00:00 0 
7f006c025000-7f0070000000 ---p 00000000 00:00 0 
7f0070800000-7f0070a00000 rw-p 00000000 00:00 0 
7f0070a00000-7f0070fc0000 rw-p 00000000 00:00 0 
7f0070fc0000-7f0071000000 rw-p 00000000 00:00 0 
7f0071000000-7f0071080000 rw-p 00000000 00:00 0 
7f0071080000-7f0071100000 rw-p 00000000 00:00 0 
7f0071100000-7f0071300000 rw-p 00000000 00:00 0 
7f0071300000-7f0071500000 rw-p 00000000 00:00 0 
7f0071500000-7f0071600000 rw-p 00000000 00:00 0 
7f0071600000-7f0071800000 rw-p 00000000 00:00 0 
7f0071800000-7f0071900000 rw-p 00000000 00:00 0 
7f0071900000-7f0071a00000 rw-p 00000000 00:00 0 
7f0071a00000-7f0071f80000 rw-p 00000000 00:00 0 
7f0071f80000-7f0072000000 rw-p 00000000 00:00 0 
7f0072000000-7f0072100000 rw-p 00000000 00:00 0 
7f0072100000-7f0072200000 rw-p 00000000 00:00 0 
7f0072200000-7f0072500000 rw-p 00000000 00:00 0 
7f0072500000-7f0072600000 rw-p 00000000 00:00 0 
7f0072600000-7f0072800000 rw-p 00000000 00:00 0 
7f0072a00000-7f0072a10000 r-xp 00000000 00:17dd 355                      /home/runner/.cache/jdt-language-server/config/org.eclipse.equinox.launcher/org.eclipse.equinox.launcher.gtk.linux.x86_64_1.2.400.v20211117-0650/eclipse_11600.so
7f0072a10000-7f0072c0f000 ---p 00010000 00:17dd 355                      /home/runner/.cache/jdt-language-server/config/org.eclipse.equinox.launcher/org.eclipse.equinox.launcher.gtk.linux.x86_64_1.2.400.v20211117-0650/eclipse_11600.so
7f0072c0f000-7f0072c10000 r--p 0000f000 00:17dd 355                      /home/runner/.cache/jdt-language-server/config/org.eclipse.equinox.launcher/org.eclipse.equinox.launcher.gtk.linux.x86_64_1.2.400.v20211117-0650/eclipse_11600.so
7f0072c10000-7f0072c11000 rw-p 00010000 00:17dd 355                      /home/runner/.cache/jdt-language-server/config/org.eclipse.equinox.launcher/org.eclipse.equinox.launcher.gtk.linux.x86_64_1.2.400.v20211117-0650/eclipse_11600.so
7f0072e00000-7f0072f00000 ---p 00000000 00:00 0 
7f0072f00000-7f00734af000 r--p 01122000 00:17e0 9223372037562577944      /nix/store/gpxl5qgg8kicmcvivwmybwjlpf7wh20l-graalvm17-ce-22.3.0/lib/libjvmcicompiler.so
7f00734af000-7f0073600000 r--p 00000000 00:00 0 
7f0073600000-7f007363d000 rw-p 00000000 00:00 0 
7f007363d000-7f0073b5d000 rw-p 0185f000 00:17e0 9223372037562577944      /nix/store/gpxl5qgg8kicmcvivwmybwjlpf7wh20l-graalvm17-ce-22.3.0/lib/libjvmcicompiler.so
7f0073b5d000-7f0073f44000 r--p 01d7f000 00:17e0 9223372037562577944      /nix/store/gpxl5qgg8kicmcvivwmybwjlpf7wh20l-graalvm17-ce-22.3.0/lib/libjvmcicompiler.so
7f0074000000-7f0074021000 rw-p 00000000 00:00 0 
7f0074021000-7f0078000000 ---p 00000000 00:00 0 
7f0078000000-7f0078920000 rw-p 00000000 00:00 0 
7f0078920000-7f007c000000 ---p 00000000 00:00 0 
7f007c000000-7f007c021000 rw-p 00000000 00:00 0 
7f007c021000-7f0080000000 ---p 00000000 00:00 0 
7f0080000000-7f0080021000 rw-p 00000000 00:00 0 
7f0080021000-7f0084000000 ---p 00000000 00:00 0 
7f0084e00000-7f0084e04000 ---p 00000000 00:00 0 
7f0084e04000-7f0084f00000 rw-p 00000000 00:00 0 
7f0084f00000-7f0084f04000 ---p 00000000 00:00 0 
7f0084f04000-7f0085000000 rw-p 00000000 00:00 0 
7f0085100000-7f0085104000 ---p 00000000 00:00 0 
7f0085104000-7f0085200000 rw-p 00000000 00:00 0 
7f0085300000-7f0085304000 ---p 00000000 00:00 0 
7f0085304000-7f0085400000 rw-p 00000000 00:00 0 
7f0085500000-7f0085504000 ---p 00000000 00:00 0 
7f0085504000-7f0085600000 rw-p 00000000 00:00 0 
7f0085700000-7f0085704000 ---p 00000000 00:00 0 
7f0085704000-7f0085800000 rw-p 00000000 00:00 0 
7f0085900000-7f0085904000 ---p 00000000 00:00 0 
7f0085904000-7f0085a00000 rw-p 00000000 00:00 0 
7f0085b00000-7f0085b04000 ---p 00000000 00:00 0 
7f0085b04000-7f0085c00000 rw-p 00000000 00:00 0 
7f0085d00000-7f0085d04000 ---p 00000000 00:00 0 
7f0085d04000-7f0085e00000 rw-p 00000000 00:00 0 
7f0085f00000-7f0085f04000 ---p 00000000 00:00 0 
7f0085f04000-7f0086000000 rw-p 00000000 00:00 0 
7f0086000000-7f0086004000 ---p 00000000 00:00 0 
7f0086004000-7f0086100000 rw-p 00000000 00:00 0 
7f0086100000-7f0086104000 ---p 00000000 00:00 0 
7f0086104000-7f0086200000 rw-p 00000000 00:00 0 
7f0086300000-7f0086304000 ---p 00000000 00:00 0 
7f0086304000-7f0086400000 rw-p 00000000 00:00 0 
7f0086500000-7f0086504000 ---p 00000000 00:00 0 
7f0086504000-7f0086600000 rw-p 00000000 00:00 0 
7f0086700000-7f0086704000 ---p 00000000 00:00 0 
7f0086704000-7f0086800000 rw-p 00000000 00:00 0 
7f0086900000-7f0086904000 ---p 00000000 00:00 0 
7f0086904000-7f0086a00000 rw-p 00000000 00:00 0 
7f0086b00000-7f0086b04000 ---p 00000000 00:00 0 
7f0086b04000-7f0086c00000 rw-p 00000000 00:00 0 
7f0086d00000-7f0086d04000 ---p 00000000 00:00 0 
7f0086d04000-7f0086e00000 rw-p 00000000 00:00 0 
7f0087a68000-7f0087f00000 rw-p 00000000 00:00 0 
7f0088000000-7f0088021000 rw-p 00000000 00:00 0 
7f0088021000-7f008c000000 ---p 00000000 00:00 0 
7f008c000000-7f008c021000 rw-p 00000000 00:00 0 
7f008c021000-7f0090000000 ---p 00000000 00:00 0 
7f0090000000-7f0090021000 rw-p 00000000 00:00 0 
7f0090021000-7f0094000000 ---p 00000000 00:00 0 
7f0094000000-7f0094021000 rw-p 00000000 00:00 0 
7f0094021000-7f0098000000 ---p 00000000 00:00 0 
7f0098000000-7f00980d5000 rw-p 00000000 00:00 0 
7f00980d5000-7f009c000000 ---p 00000000 00:00 0 
7f009c000000-7f009c7c2000 rw-p 00000000 00:00 0 
7f009c7c2000-7f00a0000000 ---p 00000000 00:00 0 
7f00a0000000-7f00a0021000 rw-p 00000000 00:00 0 
7f00a0021000-7f00a4000000 ---p 00000000 00:00 0 
7f00a4000000-7f00a4021000 rw-p 00000000 00:00 0 
7f00a4021000-7f00a8000000 ---p 00000000 00:00 0 
7f00a8000000-7f00a8021000 rw-p 00000000 00:00 0 
7f00a8021000-7f00ac000000 ---p 00000000 00:00 0 
7f00ac000000-7f00ac021000 rw-p 00000000 00:00 0 
7f00ac021000-7f00b0000000 ---p 00000000 00:00 0 
7f00b0000000-7f00b0021000 rw-p 00000000 00:00 0 
7f00b0021000-7f00b4000000 ---p 00000000 00:00 0 
7f00b4000000-7f00b4021000 rw-p 00000000 00:00 0 
7f00b4021000-7f00b8000000 ---p 00000000 00:00 0 
7f00b8000000-7f00b8052000 rw-p 00000000 00:00 0 
7f00b8052000-7f00bc000000 ---p 00000000 00:00 0 
7f00bc100000-7f00bc104000 ---p 00000000 00:00 0 
7f00bc104000-7f00bc200000 rw-p 00000000 00:00 0 
7f00bc300000-7f00bc304000 ---p 00000000 00:00 0 
7f00bc304000-7f00bc400000 rw-p 00000000 00:00 0 
7f00bc400000-7f00bc404000 ---p 00000000 00:00 0 
7f00bc404000-7f00bc500000 rw-p 00000000 00:00 0 
7f00bc500000-7f00bc504000 ---p 00000000 00:00 0 
7f00bc504000-7f00bc600000 rw-p 00000000 00:00 0 
7f00bc600000-7f00be76a000 r-xp 00000000 00:17e0 9223372037562577944      /nix/store/gpxl5qgg8kicmcvivwmybwjlpf7wh20l-graalvm17-ce-22.3.0/lib/libjvmcicompiler.so
7f00be76a000-7f00be969000 ---p 0216a000 00:17e0 9223372037562577944      /nix/store/gpxl5qgg8kicmcvivwmybwjlpf7wh20l-graalvm17-ce-22.3.0/lib/libjvmcicompiler.so
7f00be969000-7f00be96a000 r--p 02169000 00:17e0 9223372037562577944      /nix/store/gpxl5qgg8kicmcvivwmybwjlpf7wh20l-graalvm17-ce-22.3.0/lib/libjvmcicompiler.so
7f00be96a000-7f00be96c000 rw-p 0216a000 00:17e0 9223372037562577944      /nix/store/gpxl5qgg8kicmcvivwmybwjlpf7wh20l-graalvm17-ce-22.3.0/lib/libjvmcicompiler.so
7f00be96c000-7f00be96d000 rw-p 00000000 00:00 0 
7f00be96d000-7f00be972000 rw-p 023c3000 00:17e0 9223372037562577944      /nix/store/gpxl5qgg8kicmcvivwmybwjlpf7wh20l-graalvm17-ce-22.3.0/lib/libjvmcicompiler.so
7f00be98f000-7f00be993000 ---p 00000000 00:00 0 
7f00be993000-7f00be9b1000 rw-p 00000000 00:00 0 
7f00be9b1000-7f00be9b2000 ---p 00000000 00:00 0 
7f00be9b2000-7f00beab3000 rw-p 00000000 00:00 0 
7f00beab3000-7f00beab7000 ---p 00000000 00:00 0 
7f00beab7000-7f00bebb3000 rw-p 00000000 00:00 0 
7f00bebb3000-7f00bebb7000 ---p 00000000 00:00 0 
7f00bebb7000-7f00becb3000 rw-p 00000000 00:00 0 
7f00becb3000-7f00becb7000 ---p 00000000 00:00 0 
7f00becb7000-7f00bedb3000 rw-p 00000000 00:00 0 
7f00bedb3000-7f00bedb7000 ---p 00000000 00:00 0 
7f00bedb7000-7f00befb3000 rw-p 00000000 00:00 0 
7f00befb3000-7f00befb7000 ---p 00000000 00:00 0 
7f00befb7000-7f00bf1b3000 rw-p 00000000 00:00 0 
7f00bf1b3000-7f00bf1b7000 ---p 00000000 00:00 0 
7f00bf1b7000-7f00bf2b3000 rw-p 00000000 00:00 0 
7f00bf2b3000-7f00bf2b7000 ---p 00000000 00:00 0 
7f00bf2b7000-7f00bf3b3000 rw-p 00000000 00:00 0 
7f00bf3b3000-7f00bf3b7000 ---p 00000000 00:00 0 
7f00bf3b7000-7f00bf4b3000 rw-p 00000000 00:00 0 
7f00bf4b3000-7f00bf723000 rwxp 00000000 00:00 0 
7f00bf723000-7f00bfa42000 ---p 00000000 00:00 0 
7f00bfa42000-7f00c0712000 rwxp 00000000 00:00 0 
7f00c0712000-7f00c6f7a000 ---p 00000000 00:00 0 
7f00c6f7a000-7f00c71ea000 rwxp 00000000 00:00 0 
7f00c71ea000-7f00ce4b3000 ---p 00000000 00:00 0 
7f00ce4b3000-7f00d8000000 r--s 00000000 00:17e0 9223372037562580485      /nix/store/gpxl5qgg8kicmcvivwmybwjlpf7wh20l-graalvm17-ce-22.3.0/lib/modules
7f00d8000000-7f00d8608000 rw-p 00000000 00:00 0 
7f00d8608000-7f00dc000000 ---p 00000000 00:00 0 
7f00dc008000-7f00dc00e000 r-xp 00000000 00:17e0 9223372037562580222      /nix/store/gpxl5qgg8kicmcvivwmybwjlpf7wh20l-graalvm17-ce-22.3.0/lib/libmanagement_ext.so
7f00dc00e000-7f00dc00f000 r--p 00005000 00:17e0 9223372037562580222      /nix/store/gpxl5qgg8kicmcvivwmybwjlpf7wh20l-graalvm17-ce-22.3.0/lib/libmanagement_ext.so
7f00dc00f000-7f00dc010000 rw-p 00006000 00:17e0 9223372037562580222      /nix/store/gpxl5qgg8kicmcvivwmybwjlpf7wh20l-graalvm17-ce-22.3.0/lib/libmanagement_ext.so
7f00dc010000-7f00dc012000 rw-p 00009000 00:17e0 9223372037562580222      /nix/store/gpxl5qgg8kicmcvivwmybwjlpf7wh20l-graalvm17-ce-22.3.0/lib/libmanagement_ext.so
7f00dc012000-7f00dc016000 r-xp 00000000 00:17e0 9223372037562580220      /nix/store/gpxl5qgg8kicmcvivwmybwjlpf7wh20l-graalvm17-ce-22.3.0/lib/libmanagement.so
7f00dc016000-7f00dc017000 r--p 00003000 00:17e0 9223372037562580220      /nix/store/gpxl5qgg8kicmcvivwmybwjlpf7wh20l-graalvm17-ce-22.3.0/lib/libmanagement.so
7f00dc017000-7f00dc018000 rw-p 00004000 00:17e0 9223372037562580220      /nix/store/gpxl5qgg8kicmcvivwmybwjlpf7wh20l-graalvm17-ce-22.3.0/lib/libmanagement.so
7f00dc018000-7f00dc01a000 rw-p 00007000 00:17e0 9223372037562580220      /nix/store/gpxl5qgg8kicmcvivwmybwjlpf7wh20l-graalvm17-ce-22.3.0/lib/libmanagement.so
7f00dc01a000-7f00dc300000 r--p 00000000 00:123e 28444448                 /usr/lib/locale/locale-archive
7f00dc300000-7f00dc304000 ---p 00000000 00:00 0 
7f00dc304000-7f00dc800000 rw-p 00000000 00:00 0 
7f00dc800000-7f00dcb00000 rw-p 00000000 00:00 0 
7f00dcb00000-7f00dcc00000 rw-p 00000000 00:00 0 
7f00dcc04000-7f00dcc06000 r-xp 00000000 00:17e0 9223372037562577921      /nix/store/gpxl5qgg8kicmcvivwmybwjlpf7wh20l-graalvm17-ce-22.3.0/lib/libextnet.so
7f00dcc06000-7f00dcc07000 r--p 00001000 00:17e0 9223372037562577921      /nix/store/gpxl5qgg8kicmcvivwmybwjlpf7wh20l-graalvm17-ce-22.3.0/lib/libextnet.so
7f00dcc07000-7f00dcc08000 rw-p 00002000 00:17e0 9223372037562577921      /nix/store/gpxl5qgg8kicmcvivwmybwjlpf7wh20l-graalvm17-ce-22.3.0/lib/libextnet.so
7f00dcc08000-7f00dcc09000 rw-p 00004000 00:17e0 9223372037562577921      /nix/store/gpxl5qgg8kicmcvivwmybwjlpf7wh20l-graalvm17-ce-22.3.0/lib/libextnet.so
7f00dcc09000-7f00dcc10000 r-xp 00000000 00:17e0 9223372037562580484      /nix/store/gpxl5qgg8kicmcvivwmybwjlpf7wh20l-graalvm17-ce-22.3.0/lib/libzip.so
7f00dcc10000-7f00dcc11000 ---p 00007000 00:17e0 9223372037562580484      /nix/store/gpxl5qgg8kicmcvivwmybwjlpf7wh20l-graalvm17-ce-22.3.0/lib/libzip.so
7f00dcc11000-7f00dcc12000 r--p 00007000 00:17e0 9223372037562580484      /nix/store/gpxl5qgg8kicmcvivwmybwjlpf7wh20l-graalvm17-ce-22.3.0/lib/libzip.so
7f00dcc12000-7f00dcc13000 rw-p 00008000 00:17e0 9223372037562580484      /nix/store/gpxl5qgg8kicmcvivwmybwjlpf7wh20l-graalvm17-ce-22.3.0/lib/libzip.so
7f00dcc13000-7f00dcc15000 rw-p 0000b000 00:17e0 9223372037562580484      /nix/store/gpxl5qgg8kicmcvivwmybwjlpf7wh20l-graalvm17-ce-22.3.0/lib/libzip.so
7f00dcc15000-7f00dcc2a000 r-xp 00000000 00:17e0 9223372037562580474      /nix/store/gpxl5qgg8kicmcvivwmybwjlpf7wh20l-graalvm17-ce-22.3.0/lib/libnet.so
7f00dcc2a000-7f00dcc2b000 ---p 00015000 00:17e0 9223372037562580474      /nix/store/gpxl5qgg8kicmcvivwmybwjlpf7wh20l-graalvm17-ce-22.3.0/lib/libnet.so
7f00dcc2b000-7f00dcc2c000 r--p 00015000 00:17e0 9223372037562580474      /nix/store/gpxl5qgg8kicmcvivwmybwjlpf7wh20l-graalvm17-ce-22.3.0/lib/libnet.so
7f00dcc2c000-7f00dcc2d000 rw-p 00016000 00:17e0 9223372037562580474      /nix/store/gpxl5qgg8kicmcvivwmybwjlpf7wh20l-graalvm17-ce-22.3.0/lib/libnet.so
7f00dcc2d000-7f00dcc30000 rw-p 0001b000 00:17e0 9223372037562580474      /nix/store/gpxl5qgg8kicmcvivwmybwjlpf7wh20l-graalvm17-ce-22.3.0/lib/libnet.so
7f00dcc30000-7f00dcc43000 r-xp 00000000 00:17e0 9223372037562580475      /nix/store/gpxl5qgg8kicmcvivwmybwjlpf7wh20l-graalvm17-ce-22.3.0/lib/libnio.so
7f00dcc43000-7f00dcc44000 r--p 00012000 00:17e0 9223372037562580475      /nix/store/gpxl5qgg8kicmcvivwmybwjlpf7wh20l-graalvm17-ce-22.3.0/lib/libnio.so
7f00dcc44000-7f00dcc45000 rw-p 00013000 00:17e0 9223372037562580475      /nix/store/gpxl5qgg8kicmcvivwmybwjlpf7wh20l-graalvm17-ce-22.3.0/lib/libnio.so
7f00dcc45000-7f00dcc4a000 rw-p 00019000 00:17e0 9223372037562580475      /nix/store/gpxl5qgg8kicmcvivwmybwjlpf7wh20l-graalvm17-ce-22.3.0/lib/libnio.so
7f00dcc4a000-7f00dcc4e000 ---p 00000000 00:00 0 
7f00dcc4e000-7f00dcd4a000 rw-p 00000000 00:00 0 
7f00dcd4a000-7f00dcd4b000 ---p 00000000 00:00 0 
7f00dcd4b000-7f00dce4c000 rw-p 00000000 00:00 0 
7f00dce4c000-7f00dcf1a000 r-xp 00000000 00:17e0 9223372037562577940      /nix/store/gpxl5qgg8kicmcvivwmybwjlpf7wh20l-graalvm17-ce-22.3.0/lib/libjsvml.so
7f00dcf1a000-7f00dcf1b000 r--p 000cd000 00:17e0 9223372037562577940      /nix/store/gpxl5qgg8kicmcvivwmybwjlpf7wh20l-graalvm17-ce-22.3.0/lib/libjsvml.so
7f00dcf1b000-7f00dcf1c000 rw-p 000ce000 00:17e0 9223372037562577940      /nix/store/gpxl5qgg8kicmcvivwmybwjlpf7wh20l-graalvm17-ce-22.3.0/lib/libjsvml.so
7f00dcf1c000-7f00de7f4000 rw-p 00000000 00:00 0 
7f00de7f4000-7f00de7f5000 ---p 00000000 00:00 0 
7f00de7f5000-7f00de9a0000 rw-p 00000000 00:00 0 
7f00de9a0000-7f00de9bd000 rw-p 00000000 00:00 0 
7f00de9bd000-7f00de9f6000 ---p 00000000 00:00 0 
7f00de9f6000-7f00de9fc000 rw-p 00000000 00:00 0 
7f00de9fc000-7f00deae2000 ---p 00000000 00:00 0 
7f00deae2000-7f00deafc000 rw-p 00000000 00:00 0 
7f00deafc000-7f00debcd000 ---p 00000000 00:00 0 
7f00debcd000-7f00debd2000 rw-p 00000000 00:00 0 
7f00debd2000-7f00debd9000 ---p 00000000 00:00 0 
7f00debd9000-7f00debfd000 r-xp 00000000 00:17e0 9223372037562577932      /nix/store/gpxl5qgg8kicmcvivwmybwjlpf7wh20l-graalvm17-ce-22.3.0/lib/libjava.so
7f00debfd000-7f00debfe000 ---p 00024000 00:17e0 9223372037562577932      /nix/store/gpxl5qgg8kicmcvivwmybwjlpf7wh20l-graalvm17-ce-22.3.0/lib/libjava.so
7f00debfe000-7f00debff000 r--p 00024000 00:17e0 9223372037562577932      /nix/store/gpxl5qgg8kicmcvivwmybwjlpf7wh20l-graalvm17-ce-22.3.0/lib/libjava.so
7f00debff000-7f00dec00000 rw-p 00025000 00:17e0 9223372037562577932      /nix/store/gpxl5qgg8kicmcvivwmybwjlpf7wh20l-graalvm17-ce-22.3.0/lib/libjava.so
7f00dec00000-7f00dec01000 rw-p 00000000 00:00 0 
7f00dec01000-7f00dec08000 rw-p 0002f000 00:17e0 9223372037562577932      /nix/store/gpxl5qgg8kicmcvivwmybwjlpf7wh20l-graalvm17-ce-22.3.0/lib/libjava.so
7f00dec08000-7f00dec10000 rw-s 00000000 00:12d 352                       /tmp/hsperfdata_runner/25
7f00dec10000-7f00dec11000 ---p 00000000 00:00 0 
7f00dec11000-7f00dec12000 r--p 00000000 00:00 0 
7f00dec12000-7f00dec13000 rwxp 00000000 00:00 0 
7f00dec13000-7f00dec2e000 r-xp 00000000 00:17e0 9223372037562577936      /nix/store/gpxl5qgg8kicmcvivwmybwjlpf7wh20l-graalvm17-ce-22.3.0/lib/libjimage.so
7f00dec2e000-7f00dec2f000 ---p 0001b000 00:17e0 9223372037562577936      /nix/store/gpxl5qgg8kicmcvivwmybwjlpf7wh20l-graalvm17-ce-22.3.0/lib/libjimage.so
7f00dec2f000-7f00dec31000 r--p 0001b000 00:17e0 9223372037562577936      /nix/store/gpxl5qgg8kicmcvivwmybwjlpf7wh20l-graalvm17-ce-22.3.0/lib/libjimage.so
7f00dec31000-7f00dec32000 rw-p 0001d000 00:17e0 9223372037562577936      /nix/store/gpxl5qgg8kicmcvivwmybwjlpf7wh20l-graalvm17-ce-22.3.0/lib/libjimage.so
7f00dec32000-7f00dec33000 rw-p 00024000 00:17e0 9223372037562577936      /nix/store/gpxl5qgg8kicmcvivwmybwjlpf7wh20l-graalvm17-ce-22.3.0/lib/libjimage.so
7f00dec33000-7f00dec37000 ---p 00000000 00:00 0 
7f00dec37000-7f00ded33000 rw-p 00000000 00:00 0 
7f00ded33000-7f00ded41000 r--p 00000000 00:17e0 9223372037455367831      /nix/store/4nlgxhb09sdr51nc9hdm8az5b08vzkgx-glibc-2.35-163/lib/libm.so.6
7f00ded41000-7f00dedb4000 r-xp 0000e000 00:17e0 9223372037455367831      /nix/store/4nlgxhb09sdr51nc9hdm8az5b08vzkgx-glibc-2.35-163/lib/libm.so.6
7f00dedb4000-7f00dee11000 r--p 00081000 00:17e0 9223372037455367831      /nix/store/4nlgxhb09sdr51nc9hdm8az5b08vzkgx-glibc-2.35-163/lib/libm.so.6
7f00dee11000-7f00dee12000 r--p 000dd000 00:17e0 9223372037455367831      /nix/store/4nlgxhb09sdr51nc9hdm8az5b08vzkgx-glibc-2.35-163/lib/libm.so.6
7f00dee12000-7f00dee13000 rw-p 000de000 00:17e0 9223372037455367831      /nix/store/4nlgxhb09sdr51nc9hdm8az5b08vzkgx-glibc-2.35-163/lib/libm.so.6
7f00dee13000-7f00dee14000 r--p 00000000 00:17e0 9223372037455367850      /nix/store/4nlgxhb09sdr51nc9hdm8az5b08vzkgx-glibc-2.35-163/lib/librt.so.1
7f00dee14000-7f00dee15000 r-xp 00001000 00:17e0 9223372037455367850      /nix/store/4nlgxhb09sdr51nc9hdm8az5b08vzkgx-glibc-2.35-163/lib/librt.so.1
7f00dee15000-7f00dee16000 r--p 00002000 00:17e0 9223372037455367850      /nix/store/4nlgxhb09sdr51nc9hdm8az5b08vzkgx-glibc-2.35-163/lib/librt.so.1
7f00dee16000-7f00dee17000 r--p 00002000 00:17e0 9223372037455367850      /nix/store/4nlgxhb09sdr51nc9hdm8az5b08vzkgx-glibc-2.35-163/lib/librt.so.1
7f00dee17000-7f00dee18000 rw-p 00003000 00:17e0 9223372037455367850      /nix/store/4nlgxhb09sdr51nc9hdm8az5b08vzkgx-glibc-2.35-163/lib/librt.so.1
7f00dee18000-7f00dff2b000 r-xp 00000000 00:17e0 9223372037562748770      /nix/store/gpxl5qgg8kicmcvivwmybwjlpf7wh20l-graalvm17-ce-22.3.0/lib/server/libjvm.so
7f00dff2b000-7f00dff2c000 ---p 01113000 00:17e0 9223372037562748770      /nix/store/gpxl5qgg8kicmcvivwmybwjlpf7wh20l-graalvm17-ce-22.3.0/lib/server/libjvm.so
7f00dff2c000-7f00dffe1000 r--p 01113000 00:17e0 9223372037562748770      /nix/store/gpxl5qgg8kicmcvivwmybwjlpf7wh20l-graalvm17-ce-22.3.0/lib/server/libjvm.so
7f00dffe1000-7f00e0015000 rw-p 011c8000 00:17e0 9223372037562748770      /nix/store/gpxl5qgg8kicmcvivwmybwjlpf7wh20l-graalvm17-ce-22.3.0/lib/server/libjvm.so
7f00e0015000-7f00e0071000 rw-p 00000000 00:00 0 
7f00e0071000-7f00e0099000 r--p 00000000 00:17e0 9223372037455367822      /nix/store/4nlgxhb09sdr51nc9hdm8az5b08vzkgx-glibc-2.35-163/lib/libc.so.6
7f00e0099000-7f00e020f000 r-xp 00028000 00:17e0 9223372037455367822      /nix/store/4nlgxhb09sdr51nc9hdm8az5b08vzkgx-glibc-2.35-163/lib/libc.so.6
7f00e020f000-7f00e0267000 r--p 0019e000 00:17e0 9223372037455367822      /nix/store/4nlgxhb09sdr51nc9hdm8az5b08vzkgx-glibc-2.35-163/lib/libc.so.6
7f00e0267000-7f00e026b000 r--p 001f6000 00:17e0 9223372037455367822      /nix/store/4nlgxhb09sdr51nc9hdm8az5b08vzkgx-glibc-2.35-163/lib/libc.so.6
7f00e026b000-7f00e026d000 rw-p 001fa000 00:17e0 9223372037455367822      /nix/store/4nlgxhb09sdr51nc9hdm8az5b08vzkgx-glibc-2.35-163/lib/libc.so.6
7f00e026d000-7f00e027c000 rw-p 00000000 00:00 0 
7f00e027c000-7f00e027d000 r--p 00000000 00:17e0 9223372037455367827      /nix/store/4nlgxhb09sdr51nc9hdm8az5b08vzkgx-glibc-2.35-163/lib/libdl.so.2
7f00e027d000-7f00e027e000 r-xp 00001000 00:17e0 9223372037455367827      /nix/store/4nlgxhb09sdr51nc9hdm8az5b08vzkgx-glibc-2.35-163/lib/libdl.so.2
7f00e027e000-7f00e027f000 r--p 00002000 00:17e0 9223372037455367827      /nix/store/4nlgxhb09sdr51nc9hdm8az5b08vzkgx-glibc-2.35-163/lib/libdl.so.2
7f00e027f000-7f00e0280000 r--p 00002000 00:17e0 9223372037455367827      /nix/store/4nlgxhb09sdr51nc9hdm8az5b08vzkgx-glibc-2.35-163/lib/libdl.so.2
7f00e0280000-7f00e0281000 rw-p 00003000 00:17e0 9223372037455367827      /nix/store/4nlgxhb09sdr51nc9hdm8az5b08vzkgx-glibc-2.35-163/lib/libdl.so.2
7f00e0281000-7f00e0282000 r--p 00000000 00:17e0 9223372037455367846      /nix/store/4nlgxhb09sdr51nc9hdm8az5b08vzkgx-glibc-2.35-163/lib/libpthread.so.0
7f00e0282000-7f00e0283000 r-xp 00001000 00:17e0 9223372037455367846      /nix/store/4nlgxhb09sdr51nc9hdm8az5b08vzkgx-glibc-2.35-163/lib/libpthread.so.0
7f00e0283000-7f00e0284000 r--p 00002000 00:17e0 9223372037455367846      /nix/store/4nlgxhb09sdr51nc9hdm8az5b08vzkgx-glibc-2.35-163/lib/libpthread.so.0
7f00e0284000-7f00e0285000 r--p 00002000 00:17e0 9223372037455367846      /nix/store/4nlgxhb09sdr51nc9hdm8az5b08vzkgx-glibc-2.35-163/lib/libpthread.so.0
7f00e0285000-7f00e0286000 rw-p 00003000 00:17e0 9223372037455367846      /nix/store/4nlgxhb09sdr51nc9hdm8az5b08vzkgx-glibc-2.35-163/lib/libpthread.so.0
7f00e0286000-7f00e0294000 r-xp 00000000 00:17e0 9223372037562577937      /nix/store/gpxl5qgg8kicmcvivwmybwjlpf7wh20l-graalvm17-ce-22.3.0/lib/libjli.so
7f00e0294000-7f00e0295000 ---p 0000e000 00:17e0 9223372037562577937      /nix/store/gpxl5qgg8kicmcvivwmybwjlpf7wh20l-graalvm17-ce-22.3.0/lib/libjli.so
7f00e0295000-7f00e0296000 r--p 0000e000 00:17e0 9223372037562577937      /nix/store/gpxl5qgg8kicmcvivwmybwjlpf7wh20l-graalvm17-ce-22.3.0/lib/libjli.so
7f00e0296000-7f00e0297000 rw-p 0000f000 00:17e0 9223372037562577937      /nix/store/gpxl5qgg8kicmcvivwmybwjlpf7wh20l-graalvm17-ce-22.3.0/lib/libjli.so
7f00e0297000-7f00e0298000 rw-p 00012000 00:17e0 9223372037562577937      /nix/store/gpxl5qgg8kicmcvivwmybwjlpf7wh20l-graalvm17-ce-22.3.0/lib/libjli.so
7f00e0298000-7f00e029b000 r--p 00000000 00:17e0 9223372037533597975      /nix/store/026hln0aq1hyshaxsdvhg0kmcm6yf45r-zlib-1.2.13/lib/libz.so.1.2.13
7f00e029b000-7f00e02ad000 r-xp 00003000 00:17e0 9223372037533597975      /nix/store/026hln0aq1hyshaxsdvhg0kmcm6yf45r-zlib-1.2.13/lib/libz.so.1.2.13
7f00e02ad000-7f00e02b4000 r--p 00015000 00:17e0 9223372037533597975      /nix/store/026hln0aq1hyshaxsdvhg0kmcm6yf45r-zlib-1.2.13/lib/libz.so.1.2.13
7f00e02b4000-7f00e02b5000 r--p 0001b000 00:17e0 9223372037533597975      /nix/store/026hln0aq1hyshaxsdvhg0kmcm6yf45r-zlib-1.2.13/lib/libz.so.1.2.13
7f00e02b5000-7f00e02b6000 rw-p 0001c000 00:17e0 9223372037533597975      /nix/store/026hln0aq1hyshaxsdvhg0kmcm6yf45r-zlib-1.2.13/lib/libz.so.1.2.13
7f00e02b6000-7f00e02b8000 rw-p 00000000 00:00 0 
7f00e02b8000-7f00e02ba000 r--p 00000000 00:17e0 9223372037455367816      /nix/store/4nlgxhb09sdr51nc9hdm8az5b08vzkgx-glibc-2.35-163/lib/ld-linux-x86-64.so.2
7f00e02ba000-7f00e02e1000 r-xp 00002000 00:17e0 9223372037455367816      /nix/store/4nlgxhb09sdr51nc9hdm8az5b08vzkgx-glibc-2.35-163/lib/ld-linux-x86-64.so.2
7f00e02e1000-7f00e02ed000 r--p 00029000 00:17e0 9223372037455367816      /nix/store/4nlgxhb09sdr51nc9hdm8az5b08vzkgx-glibc-2.35-163/lib/ld-linux-x86-64.so.2
7f00e02ed000-7f00e02ef000 r--p 00034000 00:17e0 9223372037455367816      /nix/store/4nlgxhb09sdr51nc9hdm8az5b08vzkgx-glibc-2.35-163/lib/ld-linux-x86-64.so.2
7f00e02ef000-7f00e02f1000 rw-p 00036000 00:17e0 9223372037455367816      /nix/store/4nlgxhb09sdr51nc9hdm8az5b08vzkgx-glibc-2.35-163/lib/ld-linux-x86-64.so.2
7ffeab2d3000-7ffeab2f7000 rw-p 00000000 00:00 0                          [stack]
7ffeab382000-7ffeab386000 r--p 00000000 00:00 0                          [vvar]
7ffeab386000-7ffeab388000 r-xp 00000000 00:00 0                          [vdso]
ffffffffff600000-ffffffffff601000 --xp 00000000 00:00 0                  [vsyscall]


VM Arguments:
jvm_args: -XX:ThreadPriorityPolicy=1 -XX:+UnlockExperimentalVMOptions -XX:+EnableJVMCIProduct -XX:JVMCIThreadsPerNativeLibraryRuntime=1 -XX:-UnlockExperimentalVMOptions -Declipse.application=org.eclipse.jdt.ls.core.id1 -Dosgi.bundles.defaultStartLevel=4 -Declipse.product=org.eclipse.jdt.ls.core.product -Dlog.level=ALL -Xverify:none -XX:+UseParallelGC -XX:GCTimeRatio=4 -XX:AdaptiveSizePolicyWeight=90 -Dsun.zip.disableMemoryMapping=true -Xmx512m -Xms100m 
java_command: /nix/store/m6gcpi1ii6rghy04cjwjddcavv7i90df-jdt-language-server-1.9.0/share/java/plugins/org.eclipse.equinox.launcher_1.6.400.v20210924-0641.jar --add-modules=ALL-SYSTEM --add-opens java.base/java.util=ALL-UNNAMED --add-opens java.base/java.lang=ALL-UNNAMED -configuration /home/runner/.cache/jdt-language-server/config -data /home/runner/.cache/jdt-language-server/data/home/runner/java-1-DavidPaklin
java_class_path (initial): /nix/store/m6gcpi1ii6rghy04cjwjddcavv7i90df-jdt-language-server-1.9.0/share/java/plugins/org.eclipse.equinox.launcher_1.6.400.v20210924-0641.jar
Launcher Type: SUN_STANDARD

[Global flags]
    uintx AdaptiveSizePolicyWeight                 = 90                                        {product} {command line}
     intx CICompilerCount                          = 2                                         {product} {ergonomic}
     bool EnableJVMCIProduct                       = true                                {JVMCI product} {jimage}
    uintx GCTimeRatio                              = 4                                         {product} {command line}
   size_t InitialHeapSize                          = 104857600                                 {product} {command line}
     uint JVMCIThreadsPerNativeLibraryRuntime      = 1                                   {JVMCI product} {jimage}
   size_t MaxHeapSize                              = 536870912                                 {product} {command line}
   size_t MaxNewSize                               = 178782208                                 {product} {ergonomic}
   size_t MinHeapDeltaBytes                        = 524288                                    {product} {ergonomic}
   size_t MinHeapSize                              = 104857600                                 {product} {command line}
   size_t NewSize                                  = 34603008                                  {product} {ergonomic}
    uintx NonNMethodCodeHeapSize                   = 5826188                                {pd product} {ergonomic}
    uintx NonProfiledCodeHeapSize                  = 122916026                              {pd product} {ergonomic}
   size_t OldSize                                  = 70254592                                  {product} {ergonomic}
    uintx ProfiledCodeHeapSize                     = 122916026                              {pd product} {ergonomic}
    uintx ReservedCodeCacheSize                    = 251658240                              {pd product} {ergonomic}
     bool SegmentedCodeCache                       = true                                      {product} {ergonomic}
   size_t SoftMaxHeapSize                          = 536870912                              {manageable} {ergonomic}
     intx ThreadPriorityPolicy                     = 1                                         {product} {jimage}
     bool UseCompressedClassPointers               = true                           {product lp64_product} {ergonomic}
     bool UseCompressedOops                        = true                           {product lp64_product} {ergonomic}
     bool UseParallelGC                            = true                                      {product} {command line}

Logging:
Log output configuration:
 #0: stdout all=warning uptime,level,tags
 #1: stderr all=off uptime,level,tags

Environment Variables:
JAVA_HOME=/nix/store/gpxl5qgg8kicmcvivwmybwjlpf7wh20l-graalvm17-ce-22.3.0
PATH=/nix/store/1d6ian3r8kdzspw8hacjhl3xkp40g1lj-binutils-wrapper-2.39/bin:/nix/store/dq0xwmsk1g0i2ayg6pb7y87na2knzylh-gcc-wrapper-11.3.0/bin:/nix/store/bap4d0lpcrhpwmpb8ayjcgkmvfj62lnq-bash-interactive-5.1-p16/bin:/nix/store/pr5n59mb4jzmfx6kanwxly0l07p861fg-patchelf-0.15.0/bin:/nix/store/1gf2flfqnpqbr1b4p4qz2f72y42bs56r-gcc-11.3.0/bin:/nix/store/57xv61c5zi8pphjbcwxxjlgc34p61ic9-glibc-2.35-163-bin/bin:/nix/store/a7gvj343m05j2s32xcnwr35v31ynlypr-coreutils-9.1/bin:/nix/store/039g378vc3pc3dvi9dzdlrd0i4q93qwf-binutils-2.39/bin:/nix/store/gpxl5qgg8kicmcvivwmybwjlpf7wh20l-graalvm17-ce-22.3.0/bin:/nix/store/6z9ag3ihc8mq2hzsw48lhbznvzny65nz-apache-maven-3.8.6/bin:/nix/store/m6gcpi1ii6rghy04cjwjddcavv7i90df-jdt-language-server-1.9.0/bin:/nix/store/84xs5alhs01zrbr4ywm05kxbjbp5590l-java-debug/bin:/nix/store/mydc6f4k2z73xlcz7ilif3v2lcaiqvza-findutils-4.9.0/bin:/nix/store/j9p3g8472iijd50vhdprx0nmk2fqn5gv-diffutils-3.8/bin:/nix/store/89zs7rms6x00xfq4dq6m7mjnhkr8a6r4-gnused-4.8/bin:/nix/store/86bp03jkmsl6f92w0yzg4s59g5mhxwmy-gnugrep-3.7/bin:/nix/store/hwcdqw4jrjnd37wxqgsd47hd0j8bnj09-gawk-5.1.1/bin:/nix/store/cfbhw8r8ags41vwqaz47r583d0p4h4a1-gnutar-1.34/bin:/nix/store/p3m1ndl1lapwrlh698bnb5lvvxh67378-gzip-1.12/bin:/nix/store/a8mhcagrsly7c7mpjrpsnaahk4aax056-bzip2-1.0.8-bin/bin:/nix/store/mblgz65m3zv9x548a3d5m96fj2pbwr09-gnumake-4.3/bin:/nix/store/dsd5gz46hdbdk2rfdimqddhq6m8m8fqs-bash-5.1-p16/bin:/nix/store/v7ljksji50mg3w61dykaa3n3y79n6nil-patch-2.7.6/bin:/nix/store/zlcnmqq14jz5x9439jf937mvayyl63da-xz-5.2.7-bin/bin:/nix/store/y6aj732zm9m87c82fpvf103a1xb22blp-file-5.43/bin:/nix/store/sgqd0ajghcv2axfl1lad0b1alyavp0dc-prybar-elisp-0.0.0-67f7a00/bin:/nix/store/p3hsvljpgs68jqwar41lc0jqhjj734lf-prybar-lua-0.0.0-67f7a00/bin:/nix/store/qzxs2gybds3s9kb1vkaflpgm2nwr85fh-prybar-python3-0.0.0-67f7a00/bin:/nix/store/km94z9mxp8w4m8gxxp5mbfpdf3nkfvd8-prybar-sqlite-0.0.0-67f7a00/bin:/nix/store/2pnc7b76asw0z59c4l6h6qy8arwqrii1-prybar-tcl-0.0.0-67f7a00/bin:/nix/store/hpbvrlwd5viqmvcaisb3x0118i913a9n-st
LD_LIBRARY_PATH=/nix/store/a4pff549sk2idnkpzk5nsfps3mdkdnvm-cups-2.4.2-lib/lib:/nix/store/72mqxxhh3cy5yifh92wh2yb8cl2hikyy-cairo-1.16.0/lib:/nix/store/2k366jrbsra97gjfxwvrhvixjfxdach5-glib-2.74.1/lib:/nix/store/2j2znigd8ak37rlwh9khz0ry3clqlw1l-gtk+3-3.24.34/lib:/nix/store/hisqvx32cd57apbpcsnkpx6k3549wql1-libglvnd-1.4.0/lib:/nix/store/p36pgcv991mq5srvg765b78yqpxvk3qs-mesa-21.3.3-drivers/lib:/nix/store/mav4251if1ahjq5vkpwycyyvnmy459c4-pulseaudio-14.2/lib
DISPLAY=:0
LANG=en_US.UTF-8

Signal Handlers:
   SIGSEGV: crash_handler in libjvm.so, mask=11100100010111111101111111111110, flags=SA_RESTART|SA_SIGINFO
    SIGBUS: crash_handler in libjvm.so, mask=11100100010111111101111111111110, flags=SA_RESTART|SA_SIGINFO
    SIGFPE: crash_handler in libjvm.so, mask=11100100010111111101111111111110, flags=SA_RESTART|SA_SIGINFO
   SIGPIPE: IsolateEnterStub_IgnoreSIGPIPEStartupHook_noopSignalHandler_8f19bff2f35b5f630d83b364d6b2339320d4ec70_216e8361c6bc87a8f89f58cc10d3b2fd4415bf87 in libjvmcicompiler.so, mask=00000000000000000000000000000000, flags=SA_RESTART
  *** Handler was modified!
  *** Expected: javaSignalHandler in libjvm.so, mask=11100100110111111111111111111110, flags=SA_RESTART|SA_SIGINFO
   SIGXFSZ: javaSignalHandler in libjvm.so, mask=11100100010111111101111111111110, flags=SA_RESTART|SA_SIGINFO
    SIGILL: crash_handler in libjvm.so, mask=11100100010111111101111111111110, flags=SA_RESTART|SA_SIGINFO
   SIGUSR2: SR_handler in libjvm.so, mask=00000000000000000000000000000000, flags=SA_RESTART|SA_SIGINFO
    SIGHUP: UserHandler in libjvm.so, mask=11100100010111111101111111111110, flags=SA_RESTART|SA_SIGINFO
    SIGINT: UserHandler in libjvm.so, mask=11100100010111111101111111111110, flags=SA_RESTART|SA_SIGINFO
   SIGTERM: UserHandler in libjvm.so, mask=11100100010111111101111111111110, flags=SA_RESTART|SA_SIGINFO
   SIGQUIT: UserHandler in libjvm.so, mask=11100100010111111101111111111110, flags=SA_RESTART|SA_SIGINFO
  *** Handler was modified!
  *** Expected: javaSignalHandler in libjvm.so, mask=11100100110111111111111111111110, flags=SA_RESTART|SA_SIGINFO
   SIGTRAP: crash_handler in libjvm.so, mask=11100100010111111101111111111110, flags=SA_RESTART|SA_SIGINFO


---------------  S Y S T E M  ---------------

OS:
DISTRIB_ID=Ubuntu
DISTRIB_RELEASE=20.04
DISTRIB_CODENAME=focal
DISTRIB_DESCRIPTION="Ubuntu 20.04.2 LTS"
uname: Linux 5.15.0-1027-gcp #34~20.04.1-Ubuntu SMP Mon Jan 9 18:40:09 UTC 2023 x86_64
OS uptime: 0 days 9:20 hours
libc: glibc 2.35 NPTL 2.35 
rlimit (soft/hard): STACK 8192k/infinity , CORE infinity/infinity , NPROC infinity/infinity , NOFILE 5242/5242 , AS infinity/infinity , CPU infinity/infinity , DATA infinity/infinity , FSIZE infinity/infinity , MEMLOCK 64k/64k
load average: 12.54 14.79 14.55

/proc/meminfo:
MemTotal:       65852740 kB
MemFree:        25164916 kB
MemAvailable:   45554720 kB
Buffers:         2561596 kB
Cached:         16483828 kB
SwapCached:            0 kB
Active:          9815704 kB
Inactive:       26896748 kB
Active(anon):      18476 kB
Inactive(anon): 17303788 kB
Active(file):    9797228 kB
Inactive(file):  9592960 kB
Unevictable:       44816 kB
Mlocked:           44816 kB
SwapTotal:             0 kB
SwapFree:              0 kB
Dirty:              7268 kB
Writeback:          1036 kB
AnonPages:      16635988 kB
Mapped:          2149564 kB
Shmem:             44964 kB
KReclaimable:    1726220 kB
Slab:            2966584 kB
SReclaimable:    1726220 kB
SUnreclaim:      1240364 kB
KernelStack:      408372 kB
PageTables:       192444 kB
NFS_Unstable:          0 kB
Bounce:                0 kB
WritebackTmp:          0 kB
CommitLimit:    32926368 kB
Committed_AS:   73428388 kB
VmallocTotal:   34359738367 kB
VmallocUsed:      446692 kB
VmallocChunk:          0 kB
Percpu:            62240 kB
HardwareCorrupted:     0 kB
AnonHugePages:    358400 kB
ShmemHugePages:        0 kB
ShmemPmdMapped:        0 kB
FileHugePages:         0 kB
FilePmdMapped:         0 kB
HugePages_Total:       0
HugePages_Free:        0
HugePages_Rsvd:        0
HugePages_Surp:        0
Hugepagesize:       2048 kB
Hugetlb:               0 kB
DirectMap4k:     4379456 kB
DirectMap2M:    46997504 kB
DirectMap1G:    17825792 kB

/sys/kernel/mm/transparent_hugepage/enabled: always [madvise] never
/sys/kernel/mm/transparent_hugepage/defrag (defrag/compaction efforts parameter): always defer defer+madvise [madvise] never

Process Memory:
Virtual Size: 4782816K (peak: 4876192K)
Resident Set Size: 740784K (peak: 778996K) (anon: 545060K, file: 195724K, shmem: 0K)
Swapped out: 0K
C-Heap outstanding allocations: 52133K, retained: 10342K
glibc malloc tunables: (default)

/proc/sys/kernel/threads-max (system-wide limit on the number of threads): 514406
/proc/sys/vm/max_map_count (maximum number of memory map areas a process may have): 65530
/proc/sys/kernel/pid_max (system-wide limit on number of process identifiers): 4194304

container (cgroup) information:
container_type: cgroupv1
cpu_cpuset_cpus: 2-7
cpu_memory_nodes: 0
active_processor_count: 1
cpu_quota: 50000
cpu_period: 100000
cpu_shares: 512
memory_limit_in_bytes: 1048576 k
memory_and_swap_limit_in_bytes: 1048576 k
memory_soft_limit_in_bytes: 524288 k
memory_usage_in_bytes: 976596 k
memory_max_usage_in_bytes: 1048576 k
maximum number of tasks: 1000
current number of tasks: 74

KVM virtualization detected
Steal ticks since vm start: 0
Steal ticks percentage since vm start:  0.000

CPU: total 8 (initial active 1) (8 cores per cpu, 2 threads per core) family 23 model 49 stepping 0 microcode 0xffffffff, cx8, cmov, fxsr, ht, mmx, 3dnowpref, sse, sse2, sse3, ssse3, sse4a, sse4.1, sse4.2, popcnt, lzcnt, tsc, tscinvbit, avx, avx2, aes, clmul, bmi1, bmi2, adx, sha, fma, vzeroupper, clflush, clflushopt, hv
CPU Model and flags from /proc/cpuinfo:
model name	: AMD EPYC 7B12
flags		: fpu vme de pse tsc msr pae mce cx8 apic sep mtrr pge mca cmov pat pse36 clflush mmx fxsr sse sse2 ht syscall nx mmxext fxsr_opt pdpe1gb rdtscp lm constant_tsc rep_good nopl nonstop_tsc cpuid extd_apicid tsc_known_freq pni pclmulqdq ssse3 fma cx16 sse4_1 sse4_2 movbe popcnt aes xsave avx f16c rdrand hypervisor lahf_lm cmp_legacy cr8_legacy abm sse4a misalignsse 3dnowprefetch osvw topoext ssbd ibrs ibpb stibp vmmcall fsgsbase tsc_adjust bmi1 avx2 smep bmi2 rdseed adx smap clflushopt clwb sha_ni xsaveopt xsavec xgetbv1 clzero xsaveerptr arat npt nrip_save umip rdpid

Online cpus: 0-7
Offline cpus: 
BIOS frequency limitation: <Not Available>
Frequency switch latency (ns): <Not Available>
Available cpu frequencies: <Not Available>
Current governor: <Not Available>
Core performance/turbo boost: <Not Available>

Memory: 4k page, physical 1048576k(71968k free), swap 0k(0k free)
Page Sizes: 4k

vm_info: OpenJDK 64-Bit Server VM (17.0.5+8-jvmci-22.3-b08) for linux-amd64 JRE (17.0.5+8-jvmci-22.3-b08), built on Oct 19 2022 09:01:27 by "buildslave" with gcc 10.3.0

END.
